[0.609s] Invoking command in '/home/judson35/f1_tenth/sim_ws/build/safety_node': CMAKE_PREFIX_PATH=/opt/ros/foxy /usr/bin/cmake /home/judson35/f1_tenth/sim_ws/src/safety_node -DCMAKE_INSTALL_PREFIX=/home/judson35/f1_tenth/sim_ws/install/safety_node
[0.641s] -- Found ament_cmake: 0.9.12 (/opt/ros/foxy/share/ament_cmake/cmake)
[0.688s] -- Using PYTHON_EXECUTABLE: /usr/bin/python3
[1.102s] -- Override CMake install command with custom implementation using symlinks instead of copying resources
[1.121s] -- Found rclcpp: 2.4.3 (/opt/ros/foxy/share/rclcpp/cmake)
[1.209s] -- Using all available rosidl_typesupport_c: rosidl_typesupport_fastrtps_c;rosidl_typesupport_introspection_c
[1.215s] -- Found rosidl_adapter: 1.3.1 (/opt/ros/foxy/share/rosidl_adapter/cmake)
[1.483s] -- Using all available rosidl_typesupport_cpp: rosidl_typesupport_fastrtps_cpp;rosidl_typesupport_introspection_cpp
[1.596s] -- Found rmw_implementation_cmake: 1.0.4 (/opt/ros/foxy/share/rmw_implementation_cmake/cmake)
[1.599s] -- Using RMW implementation 'rmw_fastrtps_cpp' as default
[1.911s] -- Found rclpy: 1.0.13 (/opt/ros/foxy/share/rclpy/cmake)
[1.912s] -- Found nav_msgs: 2.0.5 (/opt/ros/foxy/share/nav_msgs/cmake)
[2.165s] -- Found ackermann_msgs: 2.0.2 (/opt/ros/foxy/share/ackermann_msgs/cmake)
[2.251s] -- Found sensor_msgs: 2.0.5 (/opt/ros/foxy/share/sensor_msgs/cmake)
[2.421s] -- Found ament_lint_auto: 0.9.8 (/opt/ros/foxy/share/ament_lint_auto/cmake)
[2.556s] -- Added test 'copyright' to check source files copyright and LICENSE
[2.558s] -- Added test 'cppcheck' to perform static code analysis on C / C++ code
[2.559s] -- Configured cppcheck include dirs: /home/judson35/f1_tenth/sim_ws/src/safety_node/include
[2.559s] -- Configured cppcheck exclude dirs and/or files: 
[2.560s] -- Added test 'cpplint' to check C / C++ code against the Google style
[2.561s] -- Configured cpplint exclude dirs and/or files: 
[2.561s] -- Added test 'flake8' to check Python code syntax and style conventions
[2.562s] -- Added test 'lint_cmake' to check CMake code style
[2.563s] -- Added test 'pep257' to check Python code against some of the style conventions in PEP 257
[2.565s] -- Added test 'uncrustify' to check C / C++ code style
[2.565s] -- Configured uncrustify additional arguments: 
[2.566s] -- Added test 'xmllint' to check XML markup files
[2.574s] -- Configuring done
[2.606s] -- Generating done
[2.611s] -- Build files have been written to: /home/judson35/f1_tenth/sim_ws/build/safety_node
[2.631s] Invoked command in '/home/judson35/f1_tenth/sim_ws/build/safety_node' returned '0': CMAKE_PREFIX_PATH=/opt/ros/foxy /usr/bin/cmake /home/judson35/f1_tenth/sim_ws/src/safety_node -DCMAKE_INSTALL_PREFIX=/home/judson35/f1_tenth/sim_ws/install/safety_node
[2.633s] Invoking command in '/home/judson35/f1_tenth/sim_ws/build/safety_node': CMAKE_PREFIX_PATH=/opt/ros/foxy /usr/bin/cmake --build /home/judson35/f1_tenth/sim_ws/build/safety_node -- -j8 -l8
[2.732s] [100%] Built target safety_node
[2.749s] Invoked command in '/home/judson35/f1_tenth/sim_ws/build/safety_node' returned '0': CMAKE_PREFIX_PATH=/opt/ros/foxy /usr/bin/cmake --build /home/judson35/f1_tenth/sim_ws/build/safety_node -- -j8 -l8
[2.807s] Invoking command in '/home/judson35/f1_tenth/sim_ws/build/safety_node': CMAKE_PREFIX_PATH=/opt/ros/foxy /usr/bin/cmake --install /home/judson35/f1_tenth/sim_ws/build/safety_node
[2.821s] -- Install configuration: ""
[2.822s] -- Execute custom install script
[2.823s] -- Up-to-date symlink: /home/judson35/f1_tenth/sim_ws/install/safety_node/lib/safety_node/safety_node
[2.824s] -- Up-to-date symlink: /home/judson35/f1_tenth/sim_ws/install/safety_node/share/safety_node/environment/pythonpath.sh
[2.824s] -- Up-to-date symlink: /home/judson35/f1_tenth/sim_ws/install/safety_node/share/safety_node/environment/pythonpath.dsv
[2.825s] -- Up-to-date symlink: /home/judson35/f1_tenth/sim_ws/install/safety_node/lib/python3.8/site-packages/safety_node/__init__.py
[2.826s] -- Up-to-date symlink: /home/judson35/f1_tenth/sim_ws/install/safety_node/lib/safety_node/safety_node.py
[2.827s] -- Up-to-date symlink: /home/judson35/f1_tenth/sim_ws/install/safety_node/share/ament_index/resource_index/package_run_dependencies/safety_node
[2.827s] -- Up-to-date symlink: /home/judson35/f1_tenth/sim_ws/install/safety_node/share/ament_index/resource_index/parent_prefix_path/safety_node
[2.828s] -- Up-to-date symlink: /home/judson35/f1_tenth/sim_ws/install/safety_node/share/safety_node/environment/ament_prefix_path.sh
[2.828s] -- Up-to-date symlink: /home/judson35/f1_tenth/sim_ws/install/safety_node/share/safety_node/environment/ament_prefix_path.dsv
[2.829s] -- Up-to-date symlink: /home/judson35/f1_tenth/sim_ws/install/safety_node/share/safety_node/environment/path.sh
[2.829s] -- Up-to-date symlink: /home/judson35/f1_tenth/sim_ws/install/safety_node/share/safety_node/environment/path.dsv
[2.830s] -- Up-to-date symlink: /home/judson35/f1_tenth/sim_ws/install/safety_node/share/safety_node/local_setup.bash
[2.830s] -- Up-to-date symlink: /home/judson35/f1_tenth/sim_ws/install/safety_node/share/safety_node/local_setup.sh
[2.831s] -- Up-to-date symlink: /home/judson35/f1_tenth/sim_ws/install/safety_node/share/safety_node/local_setup.zsh
[2.831s] -- Up-to-date symlink: /home/judson35/f1_tenth/sim_ws/install/safety_node/share/safety_node/local_setup.dsv
[2.832s] -- Symlinking: /home/judson35/f1_tenth/sim_ws/install/safety_node/share/safety_node/package.dsv
[2.857s] -- Up-to-date symlink: /home/judson35/f1_tenth/sim_ws/install/safety_node/share/ament_index/resource_index/packages/safety_node
[2.858s] -- Up-to-date symlink: /home/judson35/f1_tenth/sim_ws/install/safety_node/share/safety_node/cmake/safety_nodeConfig.cmake
[2.858s] -- Up-to-date symlink: /home/judson35/f1_tenth/sim_ws/install/safety_node/share/safety_node/cmake/safety_nodeConfig-version.cmake
[2.858s] -- Up-to-date symlink: /home/judson35/f1_tenth/sim_ws/install/safety_node/share/safety_node/package.xml
[2.930s] Listing '/home/judson35/f1_tenth/sim_ws/install/safety_node/lib/python3.8/site-packages/safety_node'...
[2.940s] Invoked command in '/home/judson35/f1_tenth/sim_ws/build/safety_node' returned '0': CMAKE_PREFIX_PATH=/opt/ros/foxy /usr/bin/cmake --install /home/judson35/f1_tenth/sim_ws/build/safety_node
