[35m[1mScanning dependencies of target wall_follow_node[0m
[ 50%] [32mBuilding CXX object CMakeFiles/wall_follow_node.dir/src/wall_follow_node.cpp.o[0m
[01m[K/home/judson35/f1_tenth/sim_ws/src/wall_follow/src/wall_follow_node.cpp:[m[K In member function ‘[01m[Kvoid WallFollow::pid_control(double, double)[m[K’:
[01m[K/home/judson35/f1_tenth/sim_ws/src/wall_follow/src/wall_follow_node.cpp:98:16:[m[K [01;35m[Kwarning: [m[Kunused variable ‘[01m[Kangle[m[K’ [[01;35m[K-Wunused-variable[m[K]
   98 |         double [01;35m[Kangle[m[K = 0.0;
      |                [01;35m[K^~~~~[m[K
[01m[K/home/judson35/f1_tenth/sim_ws/src/wall_follow/src/wall_follow_node.cpp:86:43:[m[K [01;35m[Kwarning: [m[Kunused parameter ‘[01m[Kvelocity[m[K’ [[01;35m[K-Wunused-parameter[m[K]
   86 |     void pid_control(double error, [01;35m[Kdouble velocity[m[K)
      |                                    [01;35m[K~~~~~~~^~~~~~~~[m[K
[100%] [32m[1mLinking CXX executable wall_follow_node[0m
[100%] Built target wall_follow_node
-- Install configuration: ""
-- Installing: /home/judson35/f1_tenth/sim_ws/install/wall_follow/lib/wall_follow/wall_follow_node
-- Set runtime path of "/home/judson35/f1_tenth/sim_ws/install/wall_follow/lib/wall_follow/wall_follow_node" to ""
-- Installing: /home/judson35/f1_tenth/sim_ws/install/wall_follow/share/wall_follow/environment/pythonpath.sh
-- Installing: /home/judson35/f1_tenth/sim_ws/install/wall_follow/share/wall_follow/environment/pythonpath.dsv
-- Installing: /home/judson35/f1_tenth/sim_ws/install/wall_follow/lib/python3.8/site-packages/wall_follow
-- Installing: /home/judson35/f1_tenth/sim_ws/install/wall_follow/lib/python3.8/site-packages/wall_follow/__init__.py
Listing '/home/judson35/f1_tenth/sim_ws/install/wall_follow/lib/python3.8/site-packages/wall_follow'...
Compiling '/home/judson35/f1_tenth/sim_ws/install/wall_follow/lib/python3.8/site-packages/wall_follow/__init__.py'...
-- Installing: /home/judson35/f1_tenth/sim_ws/install/wall_follow/lib/wall_follow/wall_follow_node.py
-- Installing: /home/judson35/f1_tenth/sim_ws/install/wall_follow/share/ament_index/resource_index/package_run_dependencies/wall_follow
-- Installing: /home/judson35/f1_tenth/sim_ws/install/wall_follow/share/ament_index/resource_index/parent_prefix_path/wall_follow
-- Installing: /home/judson35/f1_tenth/sim_ws/install/wall_follow/share/wall_follow/environment/ament_prefix_path.sh
-- Installing: /home/judson35/f1_tenth/sim_ws/install/wall_follow/share/wall_follow/environment/ament_prefix_path.dsv
-- Installing: /home/judson35/f1_tenth/sim_ws/install/wall_follow/share/wall_follow/environment/path.sh
-- Installing: /home/judson35/f1_tenth/sim_ws/install/wall_follow/share/wall_follow/environment/path.dsv
-- Installing: /home/judson35/f1_tenth/sim_ws/install/wall_follow/share/wall_follow/local_setup.bash
-- Installing: /home/judson35/f1_tenth/sim_ws/install/wall_follow/share/wall_follow/local_setup.sh
-- Installing: /home/judson35/f1_tenth/sim_ws/install/wall_follow/share/wall_follow/local_setup.zsh
-- Installing: /home/judson35/f1_tenth/sim_ws/install/wall_follow/share/wall_follow/local_setup.dsv
-- Installing: /home/judson35/f1_tenth/sim_ws/install/wall_follow/share/wall_follow/package.dsv
-- Installing: /home/judson35/f1_tenth/sim_ws/install/wall_follow/share/ament_index/resource_index/packages/wall_follow
-- Installing: /home/judson35/f1_tenth/sim_ws/install/wall_follow/share/wall_follow/cmake/wall_followConfig.cmake
-- Installing: /home/judson35/f1_tenth/sim_ws/install/wall_follow/share/wall_follow/cmake/wall_followConfig-version.cmake
-- Installing: /home/judson35/f1_tenth/sim_ws/install/wall_follow/share/wall_follow/package.xml
