[0.766s] DEBUG:colcon:Command line arguments: ['/usr/bin/colcon', 'build', '--symlink-install', '--packages-select', 'wall_follow']
[0.767s] DEBUG:colcon:Parsed command line arguments: Namespace(allow_overriding=[], ament_cmake_args=None, base_paths=['.'], build_base='build', catkin_cmake_args=None, catkin_skip_building_tests=False, cmake_args=None, cmake_clean_cache=False, cmake_clean_first=False, cmake_force_configure=False, cmake_target=None, cmake_target_skip_unavailable=False, continue_on_error=False, event_handlers=None, executor='parallel', ignore_user_meta=False, install_base='install', log_base=None, log_level=None, main=<bound method BuildVerb.main of <colcon_core.verb.build.BuildVerb object at 0x7fc2e9ed42b0>>, merge_install=False, metas=['./colcon.meta'], packages_above=None, packages_above_and_dependencies=None, packages_above_depth=None, packages_end=None, packages_ignore=None, packages_ignore_regex=None, packages_select=['wall_follow'], packages_select_build_failed=False, packages_select_by_dep=None, packages_select_regex=None, packages_select_test_failures=False, packages_skip=None, packages_skip_build_finished=False, packages_skip_by_dep=None, packages_skip_regex=None, packages_skip_test_passed=False, packages_skip_up_to=None, packages_start=None, packages_up_to=None, packages_up_to_regex=None, parallel_workers=8, paths=None, symlink_install=True, test_result_base=None, verb_extension=<colcon_core.verb.build.BuildVerb object at 0x7fc2e9ed42b0>, verb_name='build', verb_parser=<colcon_defaults.argument_parser.defaults.DefaultArgumentsDecorator object at 0x7fc2e9ed47f0>)
[0.834s] Level 1:colcon.colcon_core.package_discovery:discover_packages(colcon_meta) check parameters
[0.835s] Level 1:colcon.colcon_core.package_discovery:discover_packages(recursive) check parameters
[0.835s] Level 1:colcon.colcon_core.package_discovery:discover_packages(ignore) check parameters
[0.835s] Level 1:colcon.colcon_core.package_discovery:discover_packages(path) check parameters
[0.835s] Level 1:colcon.colcon_core.package_discovery:discover_packages(colcon_meta) discover
[0.835s] Level 1:colcon.colcon_core.package_discovery:discover_packages(recursive) discover
[0.835s] INFO:colcon.colcon_core.package_discovery:Crawling recursively for packages in '/home/judson35/f1_tenth/sim_ws'
[0.836s] Level 1:colcon.colcon_core.package_identification:_identify(.) by extensions ['ignore', 'ignore_ament_install']
[0.836s] Level 1:colcon.colcon_core.package_identification:_identify(.) by extension 'ignore'
[0.836s] Level 1:colcon.colcon_core.package_identification:_identify(.) by extension 'ignore_ament_install'
[0.836s] Level 1:colcon.colcon_core.package_identification:_identify(.) by extensions ['colcon_pkg']
[0.836s] Level 1:colcon.colcon_core.package_identification:_identify(.) by extension 'colcon_pkg'
[0.837s] Level 1:colcon.colcon_core.package_identification:_identify(.) by extensions ['colcon_meta']
[0.837s] Level 1:colcon.colcon_core.package_identification:_identify(.) by extension 'colcon_meta'
[0.837s] Level 1:colcon.colcon_core.package_identification:_identify(.) by extensions ['ros']
[0.837s] Level 1:colcon.colcon_core.package_identification:_identify(.) by extension 'ros'
[0.885s] Level 1:colcon.colcon_core.package_identification:_identify(.) by extensions ['cmake', 'python']
[0.885s] Level 1:colcon.colcon_core.package_identification:_identify(.) by extension 'cmake'
[0.886s] Level 1:colcon.colcon_core.package_identification:_identify(.) by extension 'python'
[0.886s] Level 1:colcon.colcon_core.package_identification:_identify(.) by extensions ['python_setup_py']
[0.886s] Level 1:colcon.colcon_core.package_identification:_identify(.) by extension 'python_setup_py'
[0.886s] Level 1:colcon.colcon_core.package_identification:_identify(build) by extensions ['ignore', 'ignore_ament_install']
[0.886s] Level 1:colcon.colcon_core.package_identification:_identify(build) by extension 'ignore'
[0.886s] Level 1:colcon.colcon_core.package_identification:_identify(build) ignored
[0.887s] Level 1:colcon.colcon_core.package_identification:_identify(install) by extensions ['ignore', 'ignore_ament_install']
[0.887s] Level 1:colcon.colcon_core.package_identification:_identify(install) by extension 'ignore'
[0.887s] Level 1:colcon.colcon_core.package_identification:_identify(install) ignored
[0.888s] Level 1:colcon.colcon_core.package_identification:_identify(log) by extensions ['ignore', 'ignore_ament_install']
[0.888s] Level 1:colcon.colcon_core.package_identification:_identify(log) by extension 'ignore'
[0.888s] Level 1:colcon.colcon_core.package_identification:_identify(log) ignored
[0.888s] Level 1:colcon.colcon_core.package_identification:_identify(src) by extensions ['ignore', 'ignore_ament_install']
[0.889s] Level 1:colcon.colcon_core.package_identification:_identify(src) by extension 'ignore'
[0.889s] Level 1:colcon.colcon_core.package_identification:_identify(src) by extension 'ignore_ament_install'
[0.889s] Level 1:colcon.colcon_core.package_identification:_identify(src) by extensions ['colcon_pkg']
[0.889s] Level 1:colcon.colcon_core.package_identification:_identify(src) by extension 'colcon_pkg'
[0.889s] Level 1:colcon.colcon_core.package_identification:_identify(src) by extensions ['colcon_meta']
[0.889s] Level 1:colcon.colcon_core.package_identification:_identify(src) by extension 'colcon_meta'
[0.890s] Level 1:colcon.colcon_core.package_identification:_identify(src) by extensions ['ros']
[0.890s] Level 1:colcon.colcon_core.package_identification:_identify(src) by extension 'ros'
[0.890s] Level 1:colcon.colcon_core.package_identification:_identify(src) by extensions ['cmake', 'python']
[0.890s] Level 1:colcon.colcon_core.package_identification:_identify(src) by extension 'cmake'
[0.890s] Level 1:colcon.colcon_core.package_identification:_identify(src) by extension 'python'
[0.890s] Level 1:colcon.colcon_core.package_identification:_identify(src) by extensions ['python_setup_py']
[0.890s] Level 1:colcon.colcon_core.package_identification:_identify(src) by extension 'python_setup_py'
[0.891s] Level 1:colcon.colcon_core.package_identification:_identify(src/f1tenth_gym_ros) by extensions ['ignore', 'ignore_ament_install']
[0.891s] Level 1:colcon.colcon_core.package_identification:_identify(src/f1tenth_gym_ros) by extension 'ignore'
[0.891s] Level 1:colcon.colcon_core.package_identification:_identify(src/f1tenth_gym_ros) by extension 'ignore_ament_install'
[0.891s] Level 1:colcon.colcon_core.package_identification:_identify(src/f1tenth_gym_ros) by extensions ['colcon_pkg']
[0.891s] Level 1:colcon.colcon_core.package_identification:_identify(src/f1tenth_gym_ros) by extension 'colcon_pkg'
[0.892s] Level 1:colcon.colcon_core.package_identification:_identify(src/f1tenth_gym_ros) by extensions ['colcon_meta']
[0.892s] Level 1:colcon.colcon_core.package_identification:_identify(src/f1tenth_gym_ros) by extension 'colcon_meta'
[0.892s] Level 1:colcon.colcon_core.package_identification:_identify(src/f1tenth_gym_ros) by extensions ['ros']
[0.892s] Level 1:colcon.colcon_core.package_identification:_identify(src/f1tenth_gym_ros) by extension 'ros'
[0.900s] DEBUG:colcon.colcon_core.package_identification:Package 'src/f1tenth_gym_ros' with type 'ros.ament_python' and name 'f1tenth_gym_ros'
[0.901s] Level 1:colcon.colcon_core.package_identification:_identify(src/safety_node) by extensions ['ignore', 'ignore_ament_install']
[0.901s] Level 1:colcon.colcon_core.package_identification:_identify(src/safety_node) by extension 'ignore'
[0.901s] Level 1:colcon.colcon_core.package_identification:_identify(src/safety_node) by extension 'ignore_ament_install'
[0.901s] Level 1:colcon.colcon_core.package_identification:_identify(src/safety_node) by extensions ['colcon_pkg']
[0.902s] Level 1:colcon.colcon_core.package_identification:_identify(src/safety_node) by extension 'colcon_pkg'
[0.902s] Level 1:colcon.colcon_core.package_identification:_identify(src/safety_node) by extensions ['colcon_meta']
[0.902s] Level 1:colcon.colcon_core.package_identification:_identify(src/safety_node) by extension 'colcon_meta'
[0.902s] Level 1:colcon.colcon_core.package_identification:_identify(src/safety_node) by extensions ['ros']
[0.902s] Level 1:colcon.colcon_core.package_identification:_identify(src/safety_node) by extension 'ros'
[0.905s] DEBUG:colcon.colcon_core.package_identification:Package 'src/safety_node' with type 'ros.ament_cmake' and name 'safety_node'
[0.906s] Level 1:colcon.colcon_core.package_identification:_identify(src/wall_follow) by extensions ['ignore', 'ignore_ament_install']
[0.906s] Level 1:colcon.colcon_core.package_identification:_identify(src/wall_follow) by extension 'ignore'
[0.906s] Level 1:colcon.colcon_core.package_identification:_identify(src/wall_follow) by extension 'ignore_ament_install'
[0.906s] Level 1:colcon.colcon_core.package_identification:_identify(src/wall_follow) by extensions ['colcon_pkg']
[0.906s] Level 1:colcon.colcon_core.package_identification:_identify(src/wall_follow) by extension 'colcon_pkg'
[0.907s] Level 1:colcon.colcon_core.package_identification:_identify(src/wall_follow) by extensions ['colcon_meta']
[0.907s] Level 1:colcon.colcon_core.package_identification:_identify(src/wall_follow) by extension 'colcon_meta'
[0.907s] Level 1:colcon.colcon_core.package_identification:_identify(src/wall_follow) by extensions ['ros']
[0.907s] Level 1:colcon.colcon_core.package_identification:_identify(src/wall_follow) by extension 'ros'
[0.909s] DEBUG:colcon.colcon_core.package_identification:Package 'src/wall_follow' with type 'ros.ament_cmake' and name 'wall_follow'
[0.909s] Level 1:colcon.colcon_core.package_discovery:discover_packages(recursive) using defaults
[0.910s] Level 1:colcon.colcon_core.package_discovery:discover_packages(ignore) discover
[0.910s] Level 1:colcon.colcon_core.package_discovery:discover_packages(ignore) using defaults
[0.910s] Level 1:colcon.colcon_core.package_discovery:discover_packages(path) discover
[0.910s] Level 1:colcon.colcon_core.package_discovery:discover_packages(path) using defaults
[0.960s] INFO:colcon.colcon_core.package_selection:Skipping not selected package 'f1tenth_gym_ros' in 'src/f1tenth_gym_ros'
[0.960s] INFO:colcon.colcon_core.package_selection:Skipping not selected package 'safety_node' in 'src/safety_node'
[0.962s] Level 1:colcon.colcon_core.package_discovery:discover_packages(prefix_path) check parameters
[0.962s] Level 1:colcon.colcon_core.package_discovery:discover_packages(prefix_path) discover
[0.972s] DEBUG:colcon.colcon_installed_package_information.package_discovery:Found 3 installed packages in /home/judson35/f1_tenth/sim_ws/install
[0.976s] DEBUG:colcon.colcon_installed_package_information.package_discovery:Found 198 installed packages in /opt/ros/foxy
[0.980s] Level 1:colcon.colcon_core.package_discovery:discover_packages(prefix_path) using defaults
[1.131s] Level 5:colcon.colcon_core.verb:set package 'wall_follow' build argument 'cmake_args' from command line to 'None'
[1.131s] Level 5:colcon.colcon_core.verb:set package 'wall_follow' build argument 'cmake_target' from command line to 'None'
[1.131s] Level 5:colcon.colcon_core.verb:set package 'wall_follow' build argument 'cmake_target_skip_unavailable' from command line to 'False'
[1.131s] Level 5:colcon.colcon_core.verb:set package 'wall_follow' build argument 'cmake_clean_cache' from command line to 'False'
[1.131s] Level 5:colcon.colcon_core.verb:set package 'wall_follow' build argument 'cmake_clean_first' from command line to 'False'
[1.132s] Level 5:colcon.colcon_core.verb:set package 'wall_follow' build argument 'cmake_force_configure' from command line to 'False'
[1.132s] Level 5:colcon.colcon_core.verb:set package 'wall_follow' build argument 'ament_cmake_args' from command line to 'None'
[1.132s] Level 5:colcon.colcon_core.verb:set package 'wall_follow' build argument 'catkin_cmake_args' from command line to 'None'
[1.132s] Level 5:colcon.colcon_core.verb:set package 'wall_follow' build argument 'catkin_skip_building_tests' from command line to 'False'
[1.132s] DEBUG:colcon.colcon_core.verb:Building package 'wall_follow' with the following arguments: {'ament_cmake_args': None, 'build_base': '/home/judson35/f1_tenth/sim_ws/build/wall_follow', 'catkin_cmake_args': None, 'catkin_skip_building_tests': False, 'cmake_args': None, 'cmake_clean_cache': False, 'cmake_clean_first': False, 'cmake_force_configure': False, 'cmake_target': None, 'cmake_target_skip_unavailable': False, 'install_base': '/home/judson35/f1_tenth/sim_ws/install/wall_follow', 'merge_install': False, 'path': '/home/judson35/f1_tenth/sim_ws/src/wall_follow', 'symlink_install': True, 'test_result_base': None}
[1.134s] INFO:colcon.colcon_core.executor:Executing jobs using 'parallel' executor
[1.145s] DEBUG:colcon.colcon_parallel_executor.executor.parallel:run_until_complete
[1.146s] INFO:colcon.colcon_ros.task.ament_cmake.build:Building ROS package in '/home/judson35/f1_tenth/sim_ws/src/wall_follow' with build type 'ament_cmake'
[1.146s] INFO:colcon.colcon_cmake.task.cmake.build:Building CMake package in '/home/judson35/f1_tenth/sim_ws/src/wall_follow'
[1.158s] INFO:colcon.colcon_core.plugin_system:Skipping extension 'colcon_core.shell.bat': Not used on non-Windows systems
[1.159s] INFO:colcon.colcon_core.shell:Skip shell extension 'powershell' for command environment: Not usable outside of PowerShell
[1.159s] DEBUG:colcon.colcon_core.shell:Skip shell extension 'dsv' for command environment
[1.188s] DEBUG:colcon.colcon_core.event_handler.log_command:Invoking command in '/home/judson35/f1_tenth/sim_ws/build/wall_follow': CMAKE_PREFIX_PATH=${CMAKE_PREFIX_PATH}:/home/judson35/f1_tenth/sim_ws/install/f1tenth_gym_ros:/opt/ros/foxy /usr/bin/cmake --build /home/judson35/f1_tenth/sim_ws/build/wall_follow -- -j8 -l8
[12.580s] DEBUG:colcon.colcon_core.event_handler.log_command:Invoked command in '/home/judson35/f1_tenth/sim_ws/build/wall_follow' returned '0': CMAKE_PREFIX_PATH=${CMAKE_PREFIX_PATH}:/home/judson35/f1_tenth/sim_ws/install/f1tenth_gym_ros:/opt/ros/foxy /usr/bin/cmake --build /home/judson35/f1_tenth/sim_ws/build/wall_follow -- -j8 -l8
[12.640s] DEBUG:colcon.colcon_core.event_handler.log_command:Invoking command in '/home/judson35/f1_tenth/sim_ws/build/wall_follow': CMAKE_PREFIX_PATH=${CMAKE_PREFIX_PATH}:/home/judson35/f1_tenth/sim_ws/install/f1tenth_gym_ros:/opt/ros/foxy /usr/bin/cmake --install /home/judson35/f1_tenth/sim_ws/build/wall_follow
[12.767s] Level 1:colcon.colcon_core.environment:create_environment_scripts_only(wall_follow)
[12.767s] DEBUG:colcon.colcon_core.event_handler.log_command:Invoked command in '/home/judson35/f1_tenth/sim_ws/build/wall_follow' returned '0': CMAKE_PREFIX_PATH=${CMAKE_PREFIX_PATH}:/home/judson35/f1_tenth/sim_ws/install/f1tenth_gym_ros:/opt/ros/foxy /usr/bin/cmake --install /home/judson35/f1_tenth/sim_ws/build/wall_follow
[12.778s] Level 1:colcon.colcon_core.environment:checking '/home/judson35/f1_tenth/sim_ws/install/wall_follow' for CMake module files
[12.779s] Level 1:colcon.colcon_core.environment:checking '/home/judson35/f1_tenth/sim_ws/install/wall_follow' for CMake config files
[12.779s] Level 1:colcon.colcon_core.shell:create_environment_hook('wall_follow', 'cmake_prefix_path')
[12.782s] INFO:colcon.colcon_core.shell:Creating environment hook '/home/judson35/f1_tenth/sim_ws/install/wall_follow/share/wall_follow/hook/cmake_prefix_path.ps1'
[12.783s] INFO:colcon.colcon_core.shell:Creating environment descriptor '/home/judson35/f1_tenth/sim_ws/install/wall_follow/share/wall_follow/hook/cmake_prefix_path.dsv'
[12.784s] INFO:colcon.colcon_core.shell:Creating environment hook '/home/judson35/f1_tenth/sim_ws/install/wall_follow/share/wall_follow/hook/cmake_prefix_path.sh'
[12.786s] Level 1:colcon.colcon_core.environment:checking '/home/judson35/f1_tenth/sim_ws/install/wall_follow/lib'
[12.786s] Level 1:colcon.colcon_core.environment:checking '/home/judson35/f1_tenth/sim_ws/install/wall_follow/bin'
[12.786s] Level 1:colcon.colcon_core.environment:checking '/home/judson35/f1_tenth/sim_ws/install/wall_follow/lib/pkgconfig/wall_follow.pc'
[12.786s] Level 1:colcon.colcon_core.environment:checking '/home/judson35/f1_tenth/sim_ws/install/wall_follow/lib/python3.8/site-packages'
[12.787s] Level 1:colcon.colcon_core.shell:create_environment_hook('wall_follow', 'pythonpath')
[12.789s] INFO:colcon.colcon_core.shell:Creating environment hook '/home/judson35/f1_tenth/sim_ws/install/wall_follow/share/wall_follow/hook/pythonpath.ps1'
[12.790s] INFO:colcon.colcon_core.shell:Creating environment descriptor '/home/judson35/f1_tenth/sim_ws/install/wall_follow/share/wall_follow/hook/pythonpath.dsv'
[12.790s] INFO:colcon.colcon_core.shell:Creating environment hook '/home/judson35/f1_tenth/sim_ws/install/wall_follow/share/wall_follow/hook/pythonpath.sh'
[12.791s] Level 1:colcon.colcon_core.environment:checking '/home/judson35/f1_tenth/sim_ws/install/wall_follow/bin'
[12.794s] INFO:colcon.colcon_core.shell:Creating package script '/home/judson35/f1_tenth/sim_ws/install/wall_follow/share/wall_follow/package.ps1'
[12.796s] INFO:colcon.colcon_core.shell:Creating package descriptor '/home/judson35/f1_tenth/sim_ws/install/wall_follow/share/wall_follow/package.dsv'
[12.797s] INFO:colcon.colcon_core.shell:Creating package script '/home/judson35/f1_tenth/sim_ws/install/wall_follow/share/wall_follow/package.sh'
[12.798s] INFO:colcon.colcon_core.shell:Creating package script '/home/judson35/f1_tenth/sim_ws/install/wall_follow/share/wall_follow/package.bash'
[12.800s] INFO:colcon.colcon_core.shell:Creating package script '/home/judson35/f1_tenth/sim_ws/install/wall_follow/share/wall_follow/package.zsh'
[12.801s] Level 1:colcon.colcon_core.environment:create_file_with_runtime_dependencies(/home/judson35/f1_tenth/sim_ws/install/wall_follow/share/colcon-core/packages/wall_follow)
[12.845s] Level 1:colcon.colcon_core.environment:create_environment_scripts_only(wall_follow)
[12.849s] Level 1:colcon.colcon_core.environment:checking '/home/judson35/f1_tenth/sim_ws/install/wall_follow' for CMake module files
[12.850s] Level 1:colcon.colcon_core.environment:checking '/home/judson35/f1_tenth/sim_ws/install/wall_follow' for CMake config files
[12.851s] Level 1:colcon.colcon_core.shell:create_environment_hook('wall_follow', 'cmake_prefix_path')
[12.854s] INFO:colcon.colcon_core.shell:Creating environment hook '/home/judson35/f1_tenth/sim_ws/install/wall_follow/share/wall_follow/hook/cmake_prefix_path.ps1'
[12.854s] INFO:colcon.colcon_core.shell:Creating environment descriptor '/home/judson35/f1_tenth/sim_ws/install/wall_follow/share/wall_follow/hook/cmake_prefix_path.dsv'
[12.855s] INFO:colcon.colcon_core.shell:Creating environment hook '/home/judson35/f1_tenth/sim_ws/install/wall_follow/share/wall_follow/hook/cmake_prefix_path.sh'
[12.856s] Level 1:colcon.colcon_core.environment:checking '/home/judson35/f1_tenth/sim_ws/install/wall_follow/lib'
[12.856s] Level 1:colcon.colcon_core.environment:checking '/home/judson35/f1_tenth/sim_ws/install/wall_follow/bin'
[12.856s] Level 1:colcon.colcon_core.environment:checking '/home/judson35/f1_tenth/sim_ws/install/wall_follow/lib/pkgconfig/wall_follow.pc'
[12.857s] Level 1:colcon.colcon_core.environment:checking '/home/judson35/f1_tenth/sim_ws/install/wall_follow/lib/python3.8/site-packages'
[12.857s] Level 1:colcon.colcon_core.shell:create_environment_hook('wall_follow', 'pythonpath')
[12.859s] INFO:colcon.colcon_core.shell:Creating environment hook '/home/judson35/f1_tenth/sim_ws/install/wall_follow/share/wall_follow/hook/pythonpath.ps1'
[12.860s] INFO:colcon.colcon_core.shell:Creating environment descriptor '/home/judson35/f1_tenth/sim_ws/install/wall_follow/share/wall_follow/hook/pythonpath.dsv'
[12.861s] INFO:colcon.colcon_core.shell:Creating environment hook '/home/judson35/f1_tenth/sim_ws/install/wall_follow/share/wall_follow/hook/pythonpath.sh'
[12.861s] Level 1:colcon.colcon_core.environment:checking '/home/judson35/f1_tenth/sim_ws/install/wall_follow/bin'
[12.865s] INFO:colcon.colcon_core.shell:Creating package script '/home/judson35/f1_tenth/sim_ws/install/wall_follow/share/wall_follow/package.ps1'
[12.866s] INFO:colcon.colcon_core.shell:Creating package descriptor '/home/judson35/f1_tenth/sim_ws/install/wall_follow/share/wall_follow/package.dsv'
[12.867s] INFO:colcon.colcon_core.shell:Creating package script '/home/judson35/f1_tenth/sim_ws/install/wall_follow/share/wall_follow/package.sh'
[12.868s] INFO:colcon.colcon_core.shell:Creating package script '/home/judson35/f1_tenth/sim_ws/install/wall_follow/share/wall_follow/package.bash'
[12.869s] INFO:colcon.colcon_core.shell:Creating package script '/home/judson35/f1_tenth/sim_ws/install/wall_follow/share/wall_follow/package.zsh'
[12.870s] Level 1:colcon.colcon_core.environment:create_file_with_runtime_dependencies(/home/judson35/f1_tenth/sim_ws/install/wall_follow/share/colcon-core/packages/wall_follow)
[12.870s] DEBUG:colcon.colcon_parallel_executor.executor.parallel:closing loop
[12.872s] DEBUG:colcon.colcon_parallel_executor.executor.parallel:loop closed
[12.872s] DEBUG:colcon.colcon_parallel_executor.executor.parallel:run_until_complete finished with '0'
[12.872s] DEBUG:colcon.colcon_core.event_reactor:joining thread
[12.882s] INFO:colcon.colcon_core.plugin_system:Skipping extension 'colcon_notification.desktop_notification.terminal_notifier': Not used on non-Darwin systems
[12.882s] INFO:colcon.colcon_core.plugin_system:Skipping extension 'colcon_notification.desktop_notification.win32': Not used on non-Windows systems
[12.882s] INFO:colcon.colcon_notification.desktop_notification:Sending desktop notification using 'notify2'
[12.907s] DEBUG:colcon.colcon_core.event_reactor:joined thread
[12.911s] INFO:colcon.colcon_core.shell:Creating prefix script '/home/judson35/f1_tenth/sim_ws/install/local_setup.ps1'
[12.912s] INFO:colcon.colcon_core.shell:Creating prefix util module '/home/judson35/f1_tenth/sim_ws/install/_local_setup_util_ps1.py'
[12.916s] INFO:colcon.colcon_core.shell:Creating prefix chain script '/home/judson35/f1_tenth/sim_ws/install/setup.ps1'
[12.919s] INFO:colcon.colcon_core.shell:Creating prefix script '/home/judson35/f1_tenth/sim_ws/install/local_setup.sh'
[12.920s] INFO:colcon.colcon_core.shell:Creating prefix util module '/home/judson35/f1_tenth/sim_ws/install/_local_setup_util_sh.py'
[12.920s] INFO:colcon.colcon_core.shell:Creating prefix chain script '/home/judson35/f1_tenth/sim_ws/install/setup.sh'
[12.923s] INFO:colcon.colcon_core.shell:Creating prefix script '/home/judson35/f1_tenth/sim_ws/install/local_setup.bash'
[12.924s] INFO:colcon.colcon_core.shell:Creating prefix chain script '/home/judson35/f1_tenth/sim_ws/install/setup.bash'
[12.926s] INFO:colcon.colcon_core.shell:Creating prefix script '/home/judson35/f1_tenth/sim_ws/install/local_setup.zsh'
[12.927s] INFO:colcon.colcon_core.shell:Creating prefix chain script '/home/judson35/f1_tenth/sim_ws/install/setup.zsh'
