[1.377s] Invoking command in '/home/judson35/f1_tenth/sim_ws/src/f1tenth_gym_ros': PYTHONPATH=/home/judson35/f1_tenth/sim_ws/build/f1tenth_gym_ros/prefix_override:/home/judson35/f1_tenth/sim_ws/install/f1tenth_gym_ros/lib/python3.8/site-packages:${PYTHONPATH} /usr/bin/python3 setup.py egg_info --egg-base ../../build/f1tenth_gym_ros build --build-base /home/judson35/f1_tenth/sim_ws/build/f1tenth_gym_ros/build install --record /home/judson35/f1_tenth/sim_ws/build/f1tenth_gym_ros/install.log --install-scripts $base/lib/f1tenth_gym_ros --single-version-externally-managed
[1.766s] running egg_info
[1.767s] writing ../../build/f1tenth_gym_ros/f1tenth_gym_ros.egg-info/PKG-INFO
[1.767s] writing dependency_links to ../../build/f1tenth_gym_ros/f1tenth_gym_ros.egg-info/dependency_links.txt
[1.768s] writing entry points to ../../build/f1tenth_gym_ros/f1tenth_gym_ros.egg-info/entry_points.txt
[1.768s] writing requirements to ../../build/f1tenth_gym_ros/f1tenth_gym_ros.egg-info/requires.txt
[1.768s] writing top-level names to ../../build/f1tenth_gym_ros/f1tenth_gym_ros.egg-info/top_level.txt
[1.823s] reading manifest file '../../build/f1tenth_gym_ros/f1tenth_gym_ros.egg-info/SOURCES.txt'
[1.825s] writing manifest file '../../build/f1tenth_gym_ros/f1tenth_gym_ros.egg-info/SOURCES.txt'
[1.825s] running build
[1.825s] running build_py
[1.825s] running install
[1.826s] running install_lib
[1.828s] running install_data
[1.829s] copying config/sim.yaml -> /home/judson35/f1_tenth/sim_ws/install/f1tenth_gym_ros/share/f1tenth_gym_ros/config
[1.829s] running install_egg_info
[1.832s] removing '/home/judson35/f1_tenth/sim_ws/install/f1tenth_gym_ros/lib/python3.8/site-packages/f1tenth_gym_ros-0.0.0-py3.8.egg-info' (and everything under it)
[1.833s] Copying ../../build/f1tenth_gym_ros/f1tenth_gym_ros.egg-info to /home/judson35/f1_tenth/sim_ws/install/f1tenth_gym_ros/lib/python3.8/site-packages/f1tenth_gym_ros-0.0.0-py3.8.egg-info
[1.834s] running install_scripts
[1.862s] Installing gym_bridge script to /home/judson35/f1_tenth/sim_ws/install/f1tenth_gym_ros/lib/f1tenth_gym_ros
[1.863s] writing list of installed files to '/home/judson35/f1_tenth/sim_ws/build/f1tenth_gym_ros/install.log'
[1.893s] Invoked command in '/home/judson35/f1_tenth/sim_ws/src/f1tenth_gym_ros' returned '0': PYTHONPATH=/home/judson35/f1_tenth/sim_ws/build/f1tenth_gym_ros/prefix_override:/home/judson35/f1_tenth/sim_ws/install/f1tenth_gym_ros/lib/python3.8/site-packages:${PYTHONPATH} /usr/bin/python3 setup.py egg_info --egg-base ../../build/f1tenth_gym_ros build --build-base /home/judson35/f1_tenth/sim_ws/build/f1tenth_gym_ros/build install --record /home/judson35/f1_tenth/sim_ws/build/f1tenth_gym_ros/install.log --install-scripts $base/lib/f1tenth_gym_ros --single-version-externally-managed
