[0.592s] Invoking command in '/home/judson35/f1_tenth/sim_ws/build/safety_node': CMAKE_PREFIX_PATH=${CMAKE_PREFIX_PATH}:/home/judson35/f1_tenth/sim_ws/install/f1tenth_gym_ros:/opt/ros/foxy /usr/bin/cmake --build /home/judson35/f1_tenth/sim_ws/build/safety_node -- -j8 -l8
[0.699s] [100%] Built target safety_node
[0.720s] Invoked command in '/home/judson35/f1_tenth/sim_ws/build/safety_node' returned '0': CMAKE_PREFIX_PATH=${CMAKE_PREFIX_PATH}:/home/judson35/f1_tenth/sim_ws/install/f1tenth_gym_ros:/opt/ros/foxy /usr/bin/cmake --build /home/judson35/f1_tenth/sim_ws/build/safety_node -- -j8 -l8
[0.782s] Invoking command in '/home/judson35/f1_tenth/sim_ws/build/safety_node': CMAKE_PREFIX_PATH=${CMAKE_PREFIX_PATH}:/home/judson35/f1_tenth/sim_ws/install/f1tenth_gym_ros:/opt/ros/foxy /usr/bin/cmake --install /home/judson35/f1_tenth/sim_ws/build/safety_node
[0.795s] -- Install configuration: ""
[0.796s] -- Execute custom install script
[0.797s] -- Up-to-date symlink: /home/judson35/f1_tenth/sim_ws/install/safety_node/lib/safety_node/safety_node
[0.797s] -- Up-to-date symlink: /home/judson35/f1_tenth/sim_ws/install/safety_node/share/safety_node/environment/pythonpath.sh
[0.798s] -- Up-to-date symlink: /home/judson35/f1_tenth/sim_ws/install/safety_node/share/safety_node/environment/pythonpath.dsv
[0.799s] -- Up-to-date symlink: /home/judson35/f1_tenth/sim_ws/install/safety_node/lib/python3.8/site-packages/safety_node/__init__.py
[0.800s] -- Up-to-date symlink: /home/judson35/f1_tenth/sim_ws/install/safety_node/lib/safety_node/safety_node.py
[0.800s] -- Up-to-date symlink: /home/judson35/f1_tenth/sim_ws/install/safety_node/share/ament_index/resource_index/package_run_dependencies/safety_node
[0.801s] -- Up-to-date symlink: /home/judson35/f1_tenth/sim_ws/install/safety_node/share/ament_index/resource_index/parent_prefix_path/safety_node
[0.801s] -- Up-to-date symlink: /home/judson35/f1_tenth/sim_ws/install/safety_node/share/safety_node/environment/ament_prefix_path.sh
[0.802s] -- Up-to-date symlink: /home/judson35/f1_tenth/sim_ws/install/safety_node/share/safety_node/environment/ament_prefix_path.dsv
[0.802s] -- Up-to-date symlink: /home/judson35/f1_tenth/sim_ws/install/safety_node/share/safety_node/environment/path.sh
[0.803s] -- Up-to-date symlink: /home/judson35/f1_tenth/sim_ws/install/safety_node/share/safety_node/environment/path.dsv
[0.803s] -- Up-to-date symlink: /home/judson35/f1_tenth/sim_ws/install/safety_node/share/safety_node/local_setup.bash
[0.805s] -- Up-to-date symlink: /home/judson35/f1_tenth/sim_ws/install/safety_node/share/safety_node/local_setup.sh
[0.805s] -- Up-to-date symlink: /home/judson35/f1_tenth/sim_ws/install/safety_node/share/safety_node/local_setup.zsh
[0.806s] -- Up-to-date symlink: /home/judson35/f1_tenth/sim_ws/install/safety_node/share/safety_node/local_setup.dsv
[0.806s] -- Symlinking: /home/judson35/f1_tenth/sim_ws/install/safety_node/share/safety_node/package.dsv
[0.823s] -- Up-to-date symlink: /home/judson35/f1_tenth/sim_ws/install/safety_node/share/ament_index/resource_index/packages/safety_node
[0.823s] -- Up-to-date symlink: /home/judson35/f1_tenth/sim_ws/install/safety_node/share/safety_node/cmake/safety_nodeConfig.cmake
[0.823s] -- Up-to-date symlink: /home/judson35/f1_tenth/sim_ws/install/safety_node/share/safety_node/cmake/safety_nodeConfig-version.cmake
[0.824s] -- Up-to-date symlink: /home/judson35/f1_tenth/sim_ws/install/safety_node/share/safety_node/package.xml
[0.894s] Listing '/home/judson35/f1_tenth/sim_ws/install/safety_node/lib/python3.8/site-packages/safety_node'...
[0.905s] Invoked command in '/home/judson35/f1_tenth/sim_ws/build/safety_node' returned '0': CMAKE_PREFIX_PATH=${CMAKE_PREFIX_PATH}:/home/judson35/f1_tenth/sim_ws/install/f1tenth_gym_ros:/opt/ros/foxy /usr/bin/cmake --install /home/judson35/f1_tenth/sim_ws/build/safety_node
