[0.038s] Invoking command in '/home/judson35/f1_tenth/sim_ws/build/wall_follow': CMAKE_PREFIX_PATH=${CMAKE_PREFIX_PATH}:/home/judson35/f1_tenth/sim_ws/install/f1tenth_gym_ros:/opt/ros/foxy /usr/bin/cmake --build /home/judson35/f1_tenth/sim_ws/build/wall_follow -- -j8 -l8
[0.125s] [35m[1mScanning dependencies of target wall_follow_node[0m
[0.184s] [ 50%] [32mBuilding CXX object CMakeFiles/wall_follow_node.dir/src/wall_follow_node.cpp.o[0m
[11.843s] [100%] [32m[1mLinking CXX executable wall_follow_node[0m
[12.457s] [100%] Built target wall_follow_node
[12.476s] Invoked command in '/home/judson35/f1_tenth/sim_ws/build/wall_follow' returned '0': CMAKE_PREFIX_PATH=${CMAKE_PREFIX_PATH}:/home/judson35/f1_tenth/sim_ws/install/f1tenth_gym_ros:/opt/ros/foxy /usr/bin/cmake --build /home/judson35/f1_tenth/sim_ws/build/wall_follow -- -j8 -l8
[12.537s] Invoking command in '/home/judson35/f1_tenth/sim_ws/build/wall_follow': CMAKE_PREFIX_PATH=${CMAKE_PREFIX_PATH}:/home/judson35/f1_tenth/sim_ws/install/f1tenth_gym_ros:/opt/ros/foxy /usr/bin/cmake --install /home/judson35/f1_tenth/sim_ws/build/wall_follow
[12.550s] -- Install configuration: ""
[12.551s] -- Execute custom install script
[12.552s] -- Up-to-date symlink: /home/judson35/f1_tenth/sim_ws/install/wall_follow/lib/wall_follow/wall_follow_node
[12.553s] -- Up-to-date symlink: /home/judson35/f1_tenth/sim_ws/install/wall_follow/share/wall_follow/environment/pythonpath.sh
[12.553s] -- Up-to-date symlink: /home/judson35/f1_tenth/sim_ws/install/wall_follow/share/wall_follow/environment/pythonpath.dsv
[12.554s] -- Up-to-date symlink: /home/judson35/f1_tenth/sim_ws/install/wall_follow/lib/python3.8/site-packages/wall_follow/__init__.py
[12.555s] -- Up-to-date symlink: /home/judson35/f1_tenth/sim_ws/install/wall_follow/lib/wall_follow/wall_follow_node.py
[12.556s] -- Up-to-date symlink: /home/judson35/f1_tenth/sim_ws/install/wall_follow/share/wall_follow/launch/wall_follow_launch.py
[12.556s] -- Up-to-date symlink: /home/judson35/f1_tenth/sim_ws/install/wall_follow/share/wall_follow/config/wall_follow.yaml
[12.557s] -- Up-to-date symlink: /home/judson35/f1_tenth/sim_ws/install/wall_follow/share/ament_index/resource_index/package_run_dependencies/wall_follow
[12.557s] -- Up-to-date symlink: /home/judson35/f1_tenth/sim_ws/install/wall_follow/share/ament_index/resource_index/parent_prefix_path/wall_follow
[12.558s] -- Up-to-date symlink: /home/judson35/f1_tenth/sim_ws/install/wall_follow/share/wall_follow/environment/ament_prefix_path.sh
[12.558s] -- Up-to-date symlink: /home/judson35/f1_tenth/sim_ws/install/wall_follow/share/wall_follow/environment/ament_prefix_path.dsv
[12.559s] -- Up-to-date symlink: /home/judson35/f1_tenth/sim_ws/install/wall_follow/share/wall_follow/environment/path.sh
[12.559s] -- Up-to-date symlink: /home/judson35/f1_tenth/sim_ws/install/wall_follow/share/wall_follow/environment/path.dsv
[12.559s] -- Up-to-date symlink: /home/judson35/f1_tenth/sim_ws/install/wall_follow/share/wall_follow/local_setup.bash
[12.560s] -- Up-to-date symlink: /home/judson35/f1_tenth/sim_ws/install/wall_follow/share/wall_follow/local_setup.sh
[12.560s] -- Up-to-date symlink: /home/judson35/f1_tenth/sim_ws/install/wall_follow/share/wall_follow/local_setup.zsh
[12.561s] -- Up-to-date symlink: /home/judson35/f1_tenth/sim_ws/install/wall_follow/share/wall_follow/local_setup.dsv
[12.561s] -- Symlinking: /home/judson35/f1_tenth/sim_ws/install/wall_follow/share/wall_follow/package.dsv
[12.580s] -- Up-to-date symlink: /home/judson35/f1_tenth/sim_ws/install/wall_follow/share/ament_index/resource_index/packages/wall_follow
[12.581s] -- Up-to-date symlink: /home/judson35/f1_tenth/sim_ws/install/wall_follow/share/wall_follow/cmake/wall_followConfig.cmake
[12.581s] -- Up-to-date symlink: /home/judson35/f1_tenth/sim_ws/install/wall_follow/share/wall_follow/cmake/wall_followConfig-version.cmake
[12.582s] -- Up-to-date symlink: /home/judson35/f1_tenth/sim_ws/install/wall_follow/share/wall_follow/package.xml
[12.649s] Listing '/home/judson35/f1_tenth/sim_ws/install/wall_follow/lib/python3.8/site-packages/wall_follow'...
[12.660s] Invoked command in '/home/judson35/f1_tenth/sim_ws/build/wall_follow' returned '0': CMAKE_PREFIX_PATH=${CMAKE_PREFIX_PATH}:/home/judson35/f1_tenth/sim_ws/install/f1tenth_gym_ros:/opt/ros/foxy /usr/bin/cmake --install /home/judson35/f1_tenth/sim_ws/build/wall_follow
