[0.031s] Invoking command in '/home/judson35/f1_tenth/sim_ws/build/wall_follow': CMAKE_PREFIX_PATH=${CMAKE_PREFIX_PATH}:/home/judson35/f1_tenth/sim_ws/install/f1tenth_gym_ros:/opt/ros/foxy /usr/bin/cmake --build /home/judson35/f1_tenth/sim_ws/build/wall_follow -- -j8 -l8
[0.100s] [35m[1mScanning dependencies of target wall_follow_node[0m
[0.150s] [ 50%] [32mBuilding CXX object CMakeFiles/wall_follow_node.dir/src/wall_follow_node.cpp.o[0m
[11.749s] [100%] [32m[1mLinking CXX executable wall_follow_node[0m
[12.349s] [100%] Built target wall_follow_node
[12.372s] Invoked command in '/home/judson35/f1_tenth/sim_ws/build/wall_follow' returned '0': CMAKE_PREFIX_PATH=${CMAKE_PREFIX_PATH}:/home/judson35/f1_tenth/sim_ws/install/f1tenth_gym_ros:/opt/ros/foxy /usr/bin/cmake --build /home/judson35/f1_tenth/sim_ws/build/wall_follow -- -j8 -l8
[12.447s] Invoking command in '/home/judson35/f1_tenth/sim_ws/build/wall_follow': CMAKE_PREFIX_PATH=${CMAKE_PREFIX_PATH}:/home/judson35/f1_tenth/sim_ws/install/f1tenth_gym_ros:/opt/ros/foxy /usr/bin/cmake --install /home/judson35/f1_tenth/sim_ws/build/wall_follow
[12.477s] -- Install configuration: ""
[12.479s] -- Execute custom install script
[12.482s] -- Up-to-date symlink: /home/judson35/f1_tenth/sim_ws/install/wall_follow/lib/wall_follow/wall_follow_node
[12.483s] -- Up-to-date symlink: /home/judson35/f1_tenth/sim_ws/install/wall_follow/share/wall_follow/environment/pythonpath.sh
[12.484s] -- Up-to-date symlink: /home/judson35/f1_tenth/sim_ws/install/wall_follow/share/wall_follow/environment/pythonpath.dsv
[12.488s] -- Up-to-date symlink: /home/judson35/f1_tenth/sim_ws/install/wall_follow/lib/python3.8/site-packages/wall_follow/__init__.py
[12.490s] -- Up-to-date symlink: /home/judson35/f1_tenth/sim_ws/install/wall_follow/lib/wall_follow/wall_follow_node.py
[12.493s] -- Up-to-date symlink: /home/judson35/f1_tenth/sim_ws/install/wall_follow/share/wall_follow/launch/wall_follow_launch.py
[12.494s] -- Up-to-date symlink: /home/judson35/f1_tenth/sim_ws/install/wall_follow/share/wall_follow/config/wall_follow.yaml
[12.496s] -- Up-to-date symlink: /home/judson35/f1_tenth/sim_ws/install/wall_follow/share/ament_index/resource_index/package_run_dependencies/wall_follow
[12.498s] -- Up-to-date symlink: /home/judson35/f1_tenth/sim_ws/install/wall_follow/share/ament_index/resource_index/parent_prefix_path/wall_follow
[12.500s] -- Up-to-date symlink: /home/judson35/f1_tenth/sim_ws/install/wall_follow/share/wall_follow/environment/ament_prefix_path.sh
[12.501s] -- Up-to-date symlink: /home/judson35/f1_tenth/sim_ws/install/wall_follow/share/wall_follow/environment/ament_prefix_path.dsv
[12.502s] -- Up-to-date symlink: /home/judson35/f1_tenth/sim_ws/install/wall_follow/share/wall_follow/environment/path.sh
[12.503s] -- Up-to-date symlink: /home/judson35/f1_tenth/sim_ws/install/wall_follow/share/wall_follow/environment/path.dsv
[12.505s] -- Up-to-date symlink: /home/judson35/f1_tenth/sim_ws/install/wall_follow/share/wall_follow/local_setup.bash
[12.506s] -- Up-to-date symlink: /home/judson35/f1_tenth/sim_ws/install/wall_follow/share/wall_follow/local_setup.sh
[12.507s] -- Up-to-date symlink: /home/judson35/f1_tenth/sim_ws/install/wall_follow/share/wall_follow/local_setup.zsh
[12.509s] -- Up-to-date symlink: /home/judson35/f1_tenth/sim_ws/install/wall_follow/share/wall_follow/local_setup.dsv
[12.510s] -- Symlinking: /home/judson35/f1_tenth/sim_ws/install/wall_follow/share/wall_follow/package.dsv
[12.543s] -- Up-to-date symlink: /home/judson35/f1_tenth/sim_ws/install/wall_follow/share/ament_index/resource_index/packages/wall_follow
[12.544s] -- Up-to-date symlink: /home/judson35/f1_tenth/sim_ws/install/wall_follow/share/wall_follow/cmake/wall_followConfig.cmake
[12.545s] -- Up-to-date symlink: /home/judson35/f1_tenth/sim_ws/install/wall_follow/share/wall_follow/cmake/wall_followConfig-version.cmake
[12.545s] -- Up-to-date symlink: /home/judson35/f1_tenth/sim_ws/install/wall_follow/share/wall_follow/package.xml
[12.673s] Listing '/home/judson35/f1_tenth/sim_ws/install/wall_follow/lib/python3.8/site-packages/wall_follow'...
[12.688s] Invoked command in '/home/judson35/f1_tenth/sim_ws/build/wall_follow' returned '0': CMAKE_PREFIX_PATH=${CMAKE_PREFIX_PATH}:/home/judson35/f1_tenth/sim_ws/install/f1tenth_gym_ros:/opt/ros/foxy /usr/bin/cmake --install /home/judson35/f1_tenth/sim_ws/build/wall_follow
