[1.602s] Invoking command in '/home/judson35/f1_tenth/sim_ws/src/f1tenth_gym_ros': PYTHONPATH=/home/judson35/f1_tenth/sim_ws/build/f1tenth_gym_ros/prefix_override:/home/judson35/f1_tenth/sim_ws/install/f1tenth_gym_ros/lib/python3.8/site-packages:${PYTHONPATH} /usr/bin/python3 setup.py egg_info --egg-base ../../build/f1tenth_gym_ros build --build-base /home/judson35/f1_tenth/sim_ws/build/f1tenth_gym_ros/build install --record /home/judson35/f1_tenth/sim_ws/build/f1tenth_gym_ros/install.log --install-scripts $base/lib/f1tenth_gym_ros --single-version-externally-managed
[2.032s] running egg_info
[2.034s] writing ../../build/f1tenth_gym_ros/f1tenth_gym_ros.egg-info/PKG-INFO
[2.034s] writing dependency_links to ../../build/f1tenth_gym_ros/f1tenth_gym_ros.egg-info/dependency_links.txt
[2.034s] writing entry points to ../../build/f1tenth_gym_ros/f1tenth_gym_ros.egg-info/entry_points.txt
[2.035s] writing requirements to ../../build/f1tenth_gym_ros/f1tenth_gym_ros.egg-info/requires.txt
[2.035s] writing top-level names to ../../build/f1tenth_gym_ros/f1tenth_gym_ros.egg-info/top_level.txt
[2.097s] reading manifest file '../../build/f1tenth_gym_ros/f1tenth_gym_ros.egg-info/SOURCES.txt'
[2.099s] writing manifest file '../../build/f1tenth_gym_ros/f1tenth_gym_ros.egg-info/SOURCES.txt'
[2.099s] running build
[2.099s] running build_py
[2.099s] running install
[2.100s] running install_lib
[2.103s] running install_data
[2.104s] running install_egg_info
[2.107s] removing '/home/judson35/f1_tenth/sim_ws/install/f1tenth_gym_ros/lib/python3.8/site-packages/f1tenth_gym_ros-0.0.0-py3.8.egg-info' (and everything under it)
[2.108s] Copying ../../build/f1tenth_gym_ros/f1tenth_gym_ros.egg-info to /home/judson35/f1_tenth/sim_ws/install/f1tenth_gym_ros/lib/python3.8/site-packages/f1tenth_gym_ros-0.0.0-py3.8.egg-info
[2.109s] running install_scripts
[2.139s] Installing gym_bridge script to /home/judson35/f1_tenth/sim_ws/install/f1tenth_gym_ros/lib/f1tenth_gym_ros
[2.140s] writing list of installed files to '/home/judson35/f1_tenth/sim_ws/build/f1tenth_gym_ros/install.log'
[2.173s] Invoked command in '/home/judson35/f1_tenth/sim_ws/src/f1tenth_gym_ros' returned '0': PYTHONPATH=/home/judson35/f1_tenth/sim_ws/build/f1tenth_gym_ros/prefix_override:/home/judson35/f1_tenth/sim_ws/install/f1tenth_gym_ros/lib/python3.8/site-packages:${PYTHONPATH} /usr/bin/python3 setup.py egg_info --egg-base ../../build/f1tenth_gym_ros build --build-base /home/judson35/f1_tenth/sim_ws/build/f1tenth_gym_ros/build install --record /home/judson35/f1_tenth/sim_ws/build/f1tenth_gym_ros/install.log --install-scripts $base/lib/f1tenth_gym_ros --single-version-externally-managed
