[01m[K/home/judson35/f1_tenth/sim_ws/src/wall_follow/src/wall_follow_node.cpp:[m[K In member function ‘[01m[Kdouble WallFollow::get_range(float*, double)[m[K’:
[01m[K/home/judson35/f1_tenth/sim_ws/src/wall_follow/src/wall_follow_node.cpp:71:19:[m[K [01;31m[Kerror: [m[Kexpected ‘[01m[K;[m[K’ before ‘[01m[K}[m[K’ token
   71 |         return 0.0
      |                   [01;31m[K^[m[K
      |                   [32m[K;[m[K
   72 |     [32m[K}[m[K
      |     [32m[K~[m[K              
[01m[K/home/judson35/f1_tenth/sim_ws/src/wall_follow/src/wall_follow_node.cpp:51:29:[m[K [01;35m[Kwarning: [m[Kunused parameter ‘[01m[Krange_data[m[K’ [[01;35m[K-Wunused-parameter[m[K]
   51 |     double get_range([01;35m[Kfloat* range_data[m[K, double angle)
      |                      [01;35m[K~~~~~~~^~~~~~~~~~[m[K
[01m[K/home/judson35/f1_tenth/sim_ws/src/wall_follow/src/wall_follow_node.cpp:51:48:[m[K [01;35m[Kwarning: [m[Kunused parameter ‘[01m[Kangle[m[K’ [[01;35m[K-Wunused-parameter[m[K]
   51 |     double get_range(float* range_data, [01;35m[Kdouble angle[m[K)
      |                                         [01;35m[K~~~~~~~^~~~~[m[K
[01m[K/home/judson35/f1_tenth/sim_ws/src/wall_follow/src/wall_follow_node.cpp:[m[K In member function ‘[01m[Kdouble WallFollow::get_error(float*, double)[m[K’:
[01m[K/home/judson35/f1_tenth/sim_ws/src/wall_follow/src/wall_follow_node.cpp:92:19:[m[K [01;31m[Kerror: [m[Kexpected ‘[01m[K;[m[K’ before ‘[01m[K}[m[K’ token
   92 |         return 0.0
      |                   [01;31m[K^[m[K
      |                   [32m[K;[m[K
   93 |     [32m[K}[m[K
      |     [32m[K~[m[K              
[01m[K/home/judson35/f1_tenth/sim_ws/src/wall_follow/src/wall_follow_node.cpp:74:29:[m[K [01;35m[Kwarning: [m[Kunused parameter ‘[01m[Krange_data[m[K’ [[01;35m[K-Wunused-parameter[m[K]
   74 |     double get_error([01;35m[Kfloat* range_data[m[K, double dist)
      |                      [01;35m[K~~~~~~~^~~~~~~~~~[m[K
[01m[K/home/judson35/f1_tenth/sim_ws/src/wall_follow/src/wall_follow_node.cpp:74:48:[m[K [01;35m[Kwarning: [m[Kunused parameter ‘[01m[Kdist[m[K’ [[01;35m[K-Wunused-parameter[m[K]
   74 |     double get_error(float* range_data, [01;35m[Kdouble dist[m[K)
      |                                         [01;35m[K~~~~~~~^~~~[m[K
[01m[K/home/judson35/f1_tenth/sim_ws/src/wall_follow/src/wall_follow_node.cpp:[m[K In member function ‘[01m[Kvoid WallFollow::pid_control(double, double)[m[K’:
[01m[K/home/judson35/f1_tenth/sim_ws/src/wall_follow/src/wall_follow_node.cpp:95:29:[m[K [01;35m[Kwarning: [m[Kunused parameter ‘[01m[Kerror[m[K’ [[01;35m[K-Wunused-parameter[m[K]
   95 |     void pid_control([01;35m[Kdouble error[m[K, double velocity)
      |                      [01;35m[K~~~~~~~^~~~~[m[K
[01m[K/home/judson35/f1_tenth/sim_ws/src/wall_follow/src/wall_follow_node.cpp:95:43:[m[K [01;35m[Kwarning: [m[Kunused parameter ‘[01m[Kvelocity[m[K’ [[01;35m[K-Wunused-parameter[m[K]
   95 |     void pid_control(double error, [01;35m[Kdouble velocity[m[K)
      |                                    [01;35m[K~~~~~~~^~~~~~~~[m[K
make[2]: *** [CMakeFiles/wall_follow_node.dir/build.make:63: CMakeFiles/wall_follow_node.dir/src/wall_follow_node.cpp.o] Error 1
make[1]: *** [CMakeFiles/Makefile2:78: CMakeFiles/wall_follow_node.dir/all] Error 2
make: *** [Makefile:141: all] Error 2
