[0.029s] Invoking command in '/home/judson35/f1_tenth/sim_ws/build/wall_follow': CMAKE_PREFIX_PATH=${CMAKE_PREFIX_PATH}:/home/judson35/f1_tenth/sim_ws/install/f1tenth_gym_ros:/opt/ros/foxy /usr/bin/cmake --build /home/judson35/f1_tenth/sim_ws/build/wall_follow -- -j8 -l8
[0.110s] [35m[1mScanning dependencies of target wall_follow_node[0m
[0.171s] [ 50%] [32mBuilding CXX object CMakeFiles/wall_follow_node.dir/src/wall_follow_node.cpp.o[0m
[2.786s] [01m[K/home/judson35/f1_tenth/sim_ws/src/wall_follow/src/wall_follow_node.cpp:[m[K In member function ‘[01m[Kvoid WallFollow::scan_callback(sensor_msgs::msg::LaserScan_<std::allocator<void> >::ConstSharedPtr)[m[K’:
[2.787s] [01m[K/home/judson35/f1_tenth/sim_ws/src/wall_follow/src/wall_follow_node.cpp:148:16:[m[K [01;35m[Kwarning: [m[Kunused variable ‘[01m[Kvelocity[m[K’ [[01;35m[K-Wunused-variable[m[K]
[2.787s]   148 |         double [01;35m[Kvelocity[m[K = 0.0; // TODO: calculate desired car velocity based on error
[2.787s]       |                [01;35m[K^~~~~~~~[m[K
[10.262s] [100%] [32m[1mLinking CXX executable wall_follow_node[0m
[10.770s] [100%] Built target wall_follow_node
[10.791s] Invoked command in '/home/judson35/f1_tenth/sim_ws/build/wall_follow' returned '0': CMAKE_PREFIX_PATH=${CMAKE_PREFIX_PATH}:/home/judson35/f1_tenth/sim_ws/install/f1tenth_gym_ros:/opt/ros/foxy /usr/bin/cmake --build /home/judson35/f1_tenth/sim_ws/build/wall_follow -- -j8 -l8
[10.845s] Invoking command in '/home/judson35/f1_tenth/sim_ws/build/wall_follow': CMAKE_PREFIX_PATH=${CMAKE_PREFIX_PATH}:/home/judson35/f1_tenth/sim_ws/install/f1tenth_gym_ros:/opt/ros/foxy /usr/bin/cmake --install /home/judson35/f1_tenth/sim_ws/build/wall_follow
[10.859s] -- Install configuration: ""
[10.860s] -- Execute custom install script
[10.860s] -- Up-to-date symlink: /home/judson35/f1_tenth/sim_ws/install/wall_follow/lib/wall_follow/wall_follow_node
[10.861s] -- Up-to-date symlink: /home/judson35/f1_tenth/sim_ws/install/wall_follow/share/wall_follow/environment/pythonpath.sh
[10.861s] -- Up-to-date symlink: /home/judson35/f1_tenth/sim_ws/install/wall_follow/share/wall_follow/environment/pythonpath.dsv
[10.862s] -- Up-to-date symlink: /home/judson35/f1_tenth/sim_ws/install/wall_follow/lib/python3.8/site-packages/wall_follow/__init__.py
[10.863s] -- Up-to-date symlink: /home/judson35/f1_tenth/sim_ws/install/wall_follow/lib/wall_follow/wall_follow_node.py
[10.864s] -- Up-to-date symlink: /home/judson35/f1_tenth/sim_ws/install/wall_follow/share/wall_follow/launch/wall_follow.yaml
[10.865s] -- Up-to-date symlink: /home/judson35/f1_tenth/sim_ws/install/wall_follow/share/wall_follow/launch/wall_follow_launch.py
[10.865s] -- Up-to-date symlink: /home/judson35/f1_tenth/sim_ws/install/wall_follow/share/wall_follow/config/wall_follow.yaml
[10.866s] -- Up-to-date symlink: /home/judson35/f1_tenth/sim_ws/install/wall_follow/share/ament_index/resource_index/package_run_dependencies/wall_follow
[10.867s] -- Up-to-date symlink: /home/judson35/f1_tenth/sim_ws/install/wall_follow/share/ament_index/resource_index/parent_prefix_path/wall_follow
[10.867s] -- Up-to-date symlink: /home/judson35/f1_tenth/sim_ws/install/wall_follow/share/wall_follow/environment/ament_prefix_path.sh
[10.868s] -- Up-to-date symlink: /home/judson35/f1_tenth/sim_ws/install/wall_follow/share/wall_follow/environment/ament_prefix_path.dsv
[10.869s] -- Up-to-date symlink: /home/judson35/f1_tenth/sim_ws/install/wall_follow/share/wall_follow/environment/path.sh
[10.869s] -- Up-to-date symlink: /home/judson35/f1_tenth/sim_ws/install/wall_follow/share/wall_follow/environment/path.dsv
[10.870s] -- Up-to-date symlink: /home/judson35/f1_tenth/sim_ws/install/wall_follow/share/wall_follow/local_setup.bash
[10.870s] -- Up-to-date symlink: /home/judson35/f1_tenth/sim_ws/install/wall_follow/share/wall_follow/local_setup.sh
[10.870s] -- Up-to-date symlink: /home/judson35/f1_tenth/sim_ws/install/wall_follow/share/wall_follow/local_setup.zsh
[10.871s] -- Up-to-date symlink: /home/judson35/f1_tenth/sim_ws/install/wall_follow/share/wall_follow/local_setup.dsv
[10.872s] -- Symlinking: /home/judson35/f1_tenth/sim_ws/install/wall_follow/share/wall_follow/package.dsv
[10.888s] -- Up-to-date symlink: /home/judson35/f1_tenth/sim_ws/install/wall_follow/share/ament_index/resource_index/packages/wall_follow
[10.888s] -- Up-to-date symlink: /home/judson35/f1_tenth/sim_ws/install/wall_follow/share/wall_follow/cmake/wall_followConfig.cmake
[10.889s] -- Up-to-date symlink: /home/judson35/f1_tenth/sim_ws/install/wall_follow/share/wall_follow/cmake/wall_followConfig-version.cmake
[10.889s] -- Up-to-date symlink: /home/judson35/f1_tenth/sim_ws/install/wall_follow/share/wall_follow/package.xml
[10.950s] Listing '/home/judson35/f1_tenth/sim_ws/install/wall_follow/lib/python3.8/site-packages/wall_follow'...
[10.961s] Invoked command in '/home/judson35/f1_tenth/sim_ws/build/wall_follow' returned '0': CMAKE_PREFIX_PATH=${CMAKE_PREFIX_PATH}:/home/judson35/f1_tenth/sim_ws/install/f1tenth_gym_ros:/opt/ros/foxy /usr/bin/cmake --install /home/judson35/f1_tenth/sim_ws/build/wall_follow
