[0.612s] DEBUG:colcon:Command line arguments: ['/usr/bin/colcon', 'build', '--symlink-install', '--packages-select', 'wall_follow']
[0.612s] DEBUG:colcon:Parsed command line arguments: Namespace(allow_overriding=[], ament_cmake_args=None, base_paths=['.'], build_base='build', catkin_cmake_args=None, catkin_skip_building_tests=False, cmake_args=None, cmake_clean_cache=False, cmake_clean_first=False, cmake_force_configure=False, cmake_target=None, cmake_target_skip_unavailable=False, continue_on_error=False, event_handlers=None, executor='parallel', ignore_user_meta=False, install_base='install', log_base=None, log_level=None, main=<bound method BuildVerb.main of <colcon_core.verb.build.BuildVerb object at 0x7f8eba58d4f0>>, merge_install=False, metas=['./colcon.meta'], packages_above=None, packages_above_and_dependencies=None, packages_above_depth=None, packages_end=None, packages_ignore=None, packages_ignore_regex=None, packages_select=['wall_follow'], packages_select_build_failed=False, packages_select_by_dep=None, packages_select_regex=None, packages_select_test_failures=False, packages_skip=None, packages_skip_build_finished=False, packages_skip_by_dep=None, packages_skip_regex=None, packages_skip_test_passed=False, packages_skip_up_to=None, packages_start=None, packages_up_to=None, packages_up_to_regex=None, parallel_workers=8, paths=None, symlink_install=True, test_result_base=None, verb_extension=<colcon_core.verb.build.BuildVerb object at 0x7f8eba58d4f0>, verb_name='build', verb_parser=<colcon_defaults.argument_parser.defaults.DefaultArgumentsDecorator object at 0x7f8eba58da30>)
[0.665s] Level 1:colcon.colcon_core.package_discovery:discover_packages(colcon_meta) check parameters
[0.666s] Level 1:colcon.colcon_core.package_discovery:discover_packages(recursive) check parameters
[0.666s] Level 1:colcon.colcon_core.package_discovery:discover_packages(ignore) check parameters
[0.666s] Level 1:colcon.colcon_core.package_discovery:discover_packages(path) check parameters
[0.666s] Level 1:colcon.colcon_core.package_discovery:discover_packages(colcon_meta) discover
[0.666s] Level 1:colcon.colcon_core.package_discovery:discover_packages(recursive) discover
[0.666s] INFO:colcon.colcon_core.package_discovery:Crawling recursively for packages in '/home/judson35/f1_tenth/sim_ws'
[0.666s] Level 1:colcon.colcon_core.package_identification:_identify(.) by extensions ['ignore', 'ignore_ament_install']
[0.666s] Level 1:colcon.colcon_core.package_identification:_identify(.) by extension 'ignore'
[0.667s] Level 1:colcon.colcon_core.package_identification:_identify(.) by extension 'ignore_ament_install'
[0.667s] Level 1:colcon.colcon_core.package_identification:_identify(.) by extensions ['colcon_pkg']
[0.667s] Level 1:colcon.colcon_core.package_identification:_identify(.) by extension 'colcon_pkg'
[0.667s] Level 1:colcon.colcon_core.package_identification:_identify(.) by extensions ['colcon_meta']
[0.667s] Level 1:colcon.colcon_core.package_identification:_identify(.) by extension 'colcon_meta'
[0.667s] Level 1:colcon.colcon_core.package_identification:_identify(.) by extensions ['ros']
[0.667s] Level 1:colcon.colcon_core.package_identification:_identify(.) by extension 'ros'
[0.704s] Level 1:colcon.colcon_core.package_identification:_identify(.) by extensions ['cmake', 'python']
[0.704s] Level 1:colcon.colcon_core.package_identification:_identify(.) by extension 'cmake'
[0.704s] Level 1:colcon.colcon_core.package_identification:_identify(.) by extension 'python'
[0.704s] Level 1:colcon.colcon_core.package_identification:_identify(.) by extensions ['python_setup_py']
[0.704s] Level 1:colcon.colcon_core.package_identification:_identify(.) by extension 'python_setup_py'
[0.705s] Level 1:colcon.colcon_core.package_identification:_identify(build) by extensions ['ignore', 'ignore_ament_install']
[0.705s] Level 1:colcon.colcon_core.package_identification:_identify(build) by extension 'ignore'
[0.705s] Level 1:colcon.colcon_core.package_identification:_identify(build) ignored
[0.705s] Level 1:colcon.colcon_core.package_identification:_identify(install) by extensions ['ignore', 'ignore_ament_install']
[0.705s] Level 1:colcon.colcon_core.package_identification:_identify(install) by extension 'ignore'
[0.706s] Level 1:colcon.colcon_core.package_identification:_identify(install) ignored
[0.706s] Level 1:colcon.colcon_core.package_identification:_identify(log) by extensions ['ignore', 'ignore_ament_install']
[0.706s] Level 1:colcon.colcon_core.package_identification:_identify(log) by extension 'ignore'
[0.707s] Level 1:colcon.colcon_core.package_identification:_identify(log) ignored
[0.707s] Level 1:colcon.colcon_core.package_identification:_identify(src) by extensions ['ignore', 'ignore_ament_install']
[0.707s] Level 1:colcon.colcon_core.package_identification:_identify(src) by extension 'ignore'
[0.707s] Level 1:colcon.colcon_core.package_identification:_identify(src) by extension 'ignore_ament_install'
[0.708s] Level 1:colcon.colcon_core.package_identification:_identify(src) by extensions ['colcon_pkg']
[0.708s] Level 1:colcon.colcon_core.package_identification:_identify(src) by extension 'colcon_pkg'
[0.708s] Level 1:colcon.colcon_core.package_identification:_identify(src) by extensions ['colcon_meta']
[0.708s] Level 1:colcon.colcon_core.package_identification:_identify(src) by extension 'colcon_meta'
[0.708s] Level 1:colcon.colcon_core.package_identification:_identify(src) by extensions ['ros']
[0.708s] Level 1:colcon.colcon_core.package_identification:_identify(src) by extension 'ros'
[0.708s] Level 1:colcon.colcon_core.package_identification:_identify(src) by extensions ['cmake', 'python']
[0.708s] Level 1:colcon.colcon_core.package_identification:_identify(src) by extension 'cmake'
[0.709s] Level 1:colcon.colcon_core.package_identification:_identify(src) by extension 'python'
[0.709s] Level 1:colcon.colcon_core.package_identification:_identify(src) by extensions ['python_setup_py']
[0.709s] Level 1:colcon.colcon_core.package_identification:_identify(src) by extension 'python_setup_py'
[0.709s] Level 1:colcon.colcon_core.package_identification:_identify(src/f1tenth_gym_ros) by extensions ['ignore', 'ignore_ament_install']
[0.709s] Level 1:colcon.colcon_core.package_identification:_identify(src/f1tenth_gym_ros) by extension 'ignore'
[0.709s] Level 1:colcon.colcon_core.package_identification:_identify(src/f1tenth_gym_ros) by extension 'ignore_ament_install'
[0.709s] Level 1:colcon.colcon_core.package_identification:_identify(src/f1tenth_gym_ros) by extensions ['colcon_pkg']
[0.709s] Level 1:colcon.colcon_core.package_identification:_identify(src/f1tenth_gym_ros) by extension 'colcon_pkg'
[0.710s] Level 1:colcon.colcon_core.package_identification:_identify(src/f1tenth_gym_ros) by extensions ['colcon_meta']
[0.710s] Level 1:colcon.colcon_core.package_identification:_identify(src/f1tenth_gym_ros) by extension 'colcon_meta'
[0.710s] Level 1:colcon.colcon_core.package_identification:_identify(src/f1tenth_gym_ros) by extensions ['ros']
[0.710s] Level 1:colcon.colcon_core.package_identification:_identify(src/f1tenth_gym_ros) by extension 'ros'
[0.716s] DEBUG:colcon.colcon_core.package_identification:Package 'src/f1tenth_gym_ros' with type 'ros.ament_python' and name 'f1tenth_gym_ros'
[0.717s] Level 1:colcon.colcon_core.package_identification:_identify(src/safety_node) by extensions ['ignore', 'ignore_ament_install']
[0.717s] Level 1:colcon.colcon_core.package_identification:_identify(src/safety_node) by extension 'ignore'
[0.717s] Level 1:colcon.colcon_core.package_identification:_identify(src/safety_node) by extension 'ignore_ament_install'
[0.717s] Level 1:colcon.colcon_core.package_identification:_identify(src/safety_node) by extensions ['colcon_pkg']
[0.717s] Level 1:colcon.colcon_core.package_identification:_identify(src/safety_node) by extension 'colcon_pkg'
[0.717s] Level 1:colcon.colcon_core.package_identification:_identify(src/safety_node) by extensions ['colcon_meta']
[0.718s] Level 1:colcon.colcon_core.package_identification:_identify(src/safety_node) by extension 'colcon_meta'
[0.718s] Level 1:colcon.colcon_core.package_identification:_identify(src/safety_node) by extensions ['ros']
[0.718s] Level 1:colcon.colcon_core.package_identification:_identify(src/safety_node) by extension 'ros'
[0.720s] DEBUG:colcon.colcon_core.package_identification:Package 'src/safety_node' with type 'ros.ament_cmake' and name 'safety_node'
[0.720s] Level 1:colcon.colcon_core.package_identification:_identify(src/wall_follow) by extensions ['ignore', 'ignore_ament_install']
[0.720s] Level 1:colcon.colcon_core.package_identification:_identify(src/wall_follow) by extension 'ignore'
[0.721s] Level 1:colcon.colcon_core.package_identification:_identify(src/wall_follow) by extension 'ignore_ament_install'
[0.721s] Level 1:colcon.colcon_core.package_identification:_identify(src/wall_follow) by extensions ['colcon_pkg']
[0.721s] Level 1:colcon.colcon_core.package_identification:_identify(src/wall_follow) by extension 'colcon_pkg'
[0.721s] Level 1:colcon.colcon_core.package_identification:_identify(src/wall_follow) by extensions ['colcon_meta']
[0.721s] Level 1:colcon.colcon_core.package_identification:_identify(src/wall_follow) by extension 'colcon_meta'
[0.721s] Level 1:colcon.colcon_core.package_identification:_identify(src/wall_follow) by extensions ['ros']
[0.721s] Level 1:colcon.colcon_core.package_identification:_identify(src/wall_follow) by extension 'ros'
[0.723s] DEBUG:colcon.colcon_core.package_identification:Package 'src/wall_follow' with type 'ros.ament_cmake' and name 'wall_follow'
[0.723s] Level 1:colcon.colcon_core.package_discovery:discover_packages(recursive) using defaults
[0.723s] Level 1:colcon.colcon_core.package_discovery:discover_packages(ignore) discover
[0.723s] Level 1:colcon.colcon_core.package_discovery:discover_packages(ignore) using defaults
[0.723s] Level 1:colcon.colcon_core.package_discovery:discover_packages(path) discover
[0.723s] Level 1:colcon.colcon_core.package_discovery:discover_packages(path) using defaults
[0.762s] INFO:colcon.colcon_core.package_selection:Skipping not selected package 'f1tenth_gym_ros' in 'src/f1tenth_gym_ros'
[0.763s] INFO:colcon.colcon_core.package_selection:Skipping not selected package 'safety_node' in 'src/safety_node'
[0.764s] Level 1:colcon.colcon_core.package_discovery:discover_packages(prefix_path) check parameters
[0.764s] Level 1:colcon.colcon_core.package_discovery:discover_packages(prefix_path) discover
[0.769s] DEBUG:colcon.colcon_installed_package_information.package_discovery:Found 3 installed packages in /home/judson35/f1_tenth/sim_ws/install
[0.772s] DEBUG:colcon.colcon_installed_package_information.package_discovery:Found 198 installed packages in /opt/ros/foxy
[0.774s] Level 1:colcon.colcon_core.package_discovery:discover_packages(prefix_path) using defaults
[0.867s] Level 5:colcon.colcon_core.verb:set package 'wall_follow' build argument 'cmake_args' from command line to 'None'
[0.867s] Level 5:colcon.colcon_core.verb:set package 'wall_follow' build argument 'cmake_target' from command line to 'None'
[0.867s] Level 5:colcon.colcon_core.verb:set package 'wall_follow' build argument 'cmake_target_skip_unavailable' from command line to 'False'
[0.868s] Level 5:colcon.colcon_core.verb:set package 'wall_follow' build argument 'cmake_clean_cache' from command line to 'False'
[0.868s] Level 5:colcon.colcon_core.verb:set package 'wall_follow' build argument 'cmake_clean_first' from command line to 'False'
[0.868s] Level 5:colcon.colcon_core.verb:set package 'wall_follow' build argument 'cmake_force_configure' from command line to 'False'
[0.868s] Level 5:colcon.colcon_core.verb:set package 'wall_follow' build argument 'ament_cmake_args' from command line to 'None'
[0.868s] Level 5:colcon.colcon_core.verb:set package 'wall_follow' build argument 'catkin_cmake_args' from command line to 'None'
[0.868s] Level 5:colcon.colcon_core.verb:set package 'wall_follow' build argument 'catkin_skip_building_tests' from command line to 'False'
[0.868s] DEBUG:colcon.colcon_core.verb:Building package 'wall_follow' with the following arguments: {'ament_cmake_args': None, 'build_base': '/home/judson35/f1_tenth/sim_ws/build/wall_follow', 'catkin_cmake_args': None, 'catkin_skip_building_tests': False, 'cmake_args': None, 'cmake_clean_cache': False, 'cmake_clean_first': False, 'cmake_force_configure': False, 'cmake_target': None, 'cmake_target_skip_unavailable': False, 'install_base': '/home/judson35/f1_tenth/sim_ws/install/wall_follow', 'merge_install': False, 'path': '/home/judson35/f1_tenth/sim_ws/src/wall_follow', 'symlink_install': True, 'test_result_base': None}
[0.869s] INFO:colcon.colcon_core.executor:Executing jobs using 'parallel' executor
[0.876s] DEBUG:colcon.colcon_parallel_executor.executor.parallel:run_until_complete
[0.876s] INFO:colcon.colcon_ros.task.ament_cmake.build:Building ROS package in '/home/judson35/f1_tenth/sim_ws/src/wall_follow' with build type 'ament_cmake'
[0.876s] INFO:colcon.colcon_cmake.task.cmake.build:Building CMake package in '/home/judson35/f1_tenth/sim_ws/src/wall_follow'
[0.885s] INFO:colcon.colcon_core.plugin_system:Skipping extension 'colcon_core.shell.bat': Not used on non-Windows systems
[0.885s] INFO:colcon.colcon_core.shell:Skip shell extension 'powershell' for command environment: Not usable outside of PowerShell
[0.886s] DEBUG:colcon.colcon_core.shell:Skip shell extension 'dsv' for command environment
[0.908s] DEBUG:colcon.colcon_core.event_handler.log_command:Invoking command in '/home/judson35/f1_tenth/sim_ws/build/wall_follow': CMAKE_PREFIX_PATH=${CMAKE_PREFIX_PATH}:/home/judson35/f1_tenth/sim_ws/install/f1tenth_gym_ros:/opt/ros/foxy /usr/bin/cmake --build /home/judson35/f1_tenth/sim_ws/build/wall_follow -- -j8 -l8
[12.406s] DEBUG:colcon.colcon_core.event_handler.log_command:Invoked command in '/home/judson35/f1_tenth/sim_ws/build/wall_follow' returned '0': CMAKE_PREFIX_PATH=${CMAKE_PREFIX_PATH}:/home/judson35/f1_tenth/sim_ws/install/f1tenth_gym_ros:/opt/ros/foxy /usr/bin/cmake --build /home/judson35/f1_tenth/sim_ws/build/wall_follow -- -j8 -l8
[12.463s] DEBUG:colcon.colcon_core.event_handler.log_command:Invoking command in '/home/judson35/f1_tenth/sim_ws/build/wall_follow': CMAKE_PREFIX_PATH=${CMAKE_PREFIX_PATH}:/home/judson35/f1_tenth/sim_ws/install/f1tenth_gym_ros:/opt/ros/foxy /usr/bin/cmake --install /home/judson35/f1_tenth/sim_ws/build/wall_follow
[12.577s] Level 1:colcon.colcon_core.environment:create_environment_scripts_only(wall_follow)
[12.579s] DEBUG:colcon.colcon_core.event_handler.log_command:Invoked command in '/home/judson35/f1_tenth/sim_ws/build/wall_follow' returned '0': CMAKE_PREFIX_PATH=${CMAKE_PREFIX_PATH}:/home/judson35/f1_tenth/sim_ws/install/f1tenth_gym_ros:/opt/ros/foxy /usr/bin/cmake --install /home/judson35/f1_tenth/sim_ws/build/wall_follow
[12.588s] Level 1:colcon.colcon_core.environment:checking '/home/judson35/f1_tenth/sim_ws/install/wall_follow' for CMake module files
[12.589s] Level 1:colcon.colcon_core.environment:checking '/home/judson35/f1_tenth/sim_ws/install/wall_follow' for CMake config files
[12.589s] Level 1:colcon.colcon_core.shell:create_environment_hook('wall_follow', 'cmake_prefix_path')
[12.592s] INFO:colcon.colcon_core.shell:Creating environment hook '/home/judson35/f1_tenth/sim_ws/install/wall_follow/share/wall_follow/hook/cmake_prefix_path.ps1'
[12.594s] INFO:colcon.colcon_core.shell:Creating environment descriptor '/home/judson35/f1_tenth/sim_ws/install/wall_follow/share/wall_follow/hook/cmake_prefix_path.dsv'
[12.594s] INFO:colcon.colcon_core.shell:Creating environment hook '/home/judson35/f1_tenth/sim_ws/install/wall_follow/share/wall_follow/hook/cmake_prefix_path.sh'
[12.596s] Level 1:colcon.colcon_core.environment:checking '/home/judson35/f1_tenth/sim_ws/install/wall_follow/lib'
[12.596s] Level 1:colcon.colcon_core.environment:checking '/home/judson35/f1_tenth/sim_ws/install/wall_follow/bin'
[12.596s] Level 1:colcon.colcon_core.environment:checking '/home/judson35/f1_tenth/sim_ws/install/wall_follow/lib/pkgconfig/wall_follow.pc'
[12.597s] Level 1:colcon.colcon_core.environment:checking '/home/judson35/f1_tenth/sim_ws/install/wall_follow/lib/python3.8/site-packages'
[12.597s] Level 1:colcon.colcon_core.shell:create_environment_hook('wall_follow', 'pythonpath')
[12.600s] INFO:colcon.colcon_core.shell:Creating environment hook '/home/judson35/f1_tenth/sim_ws/install/wall_follow/share/wall_follow/hook/pythonpath.ps1'
[12.600s] INFO:colcon.colcon_core.shell:Creating environment descriptor '/home/judson35/f1_tenth/sim_ws/install/wall_follow/share/wall_follow/hook/pythonpath.dsv'
[12.601s] INFO:colcon.colcon_core.shell:Creating environment hook '/home/judson35/f1_tenth/sim_ws/install/wall_follow/share/wall_follow/hook/pythonpath.sh'
[12.602s] Level 1:colcon.colcon_core.environment:checking '/home/judson35/f1_tenth/sim_ws/install/wall_follow/bin'
[12.604s] INFO:colcon.colcon_core.shell:Creating package script '/home/judson35/f1_tenth/sim_ws/install/wall_follow/share/wall_follow/package.ps1'
[12.606s] INFO:colcon.colcon_core.shell:Creating package descriptor '/home/judson35/f1_tenth/sim_ws/install/wall_follow/share/wall_follow/package.dsv'
[12.607s] INFO:colcon.colcon_core.shell:Creating package script '/home/judson35/f1_tenth/sim_ws/install/wall_follow/share/wall_follow/package.sh'
[12.608s] INFO:colcon.colcon_core.shell:Creating package script '/home/judson35/f1_tenth/sim_ws/install/wall_follow/share/wall_follow/package.bash'
[12.610s] INFO:colcon.colcon_core.shell:Creating package script '/home/judson35/f1_tenth/sim_ws/install/wall_follow/share/wall_follow/package.zsh'
[12.611s] Level 1:colcon.colcon_core.environment:create_file_with_runtime_dependencies(/home/judson35/f1_tenth/sim_ws/install/wall_follow/share/colcon-core/packages/wall_follow)
[12.649s] Level 1:colcon.colcon_core.environment:create_environment_scripts_only(wall_follow)
[12.653s] Level 1:colcon.colcon_core.environment:checking '/home/judson35/f1_tenth/sim_ws/install/wall_follow' for CMake module files
[12.654s] Level 1:colcon.colcon_core.environment:checking '/home/judson35/f1_tenth/sim_ws/install/wall_follow' for CMake config files
[12.655s] Level 1:colcon.colcon_core.shell:create_environment_hook('wall_follow', 'cmake_prefix_path')
[12.658s] INFO:colcon.colcon_core.shell:Creating environment hook '/home/judson35/f1_tenth/sim_ws/install/wall_follow/share/wall_follow/hook/cmake_prefix_path.ps1'
[12.659s] INFO:colcon.colcon_core.shell:Creating environment descriptor '/home/judson35/f1_tenth/sim_ws/install/wall_follow/share/wall_follow/hook/cmake_prefix_path.dsv'
[12.659s] INFO:colcon.colcon_core.shell:Creating environment hook '/home/judson35/f1_tenth/sim_ws/install/wall_follow/share/wall_follow/hook/cmake_prefix_path.sh'
[12.660s] Level 1:colcon.colcon_core.environment:checking '/home/judson35/f1_tenth/sim_ws/install/wall_follow/lib'
[12.660s] Level 1:colcon.colcon_core.environment:checking '/home/judson35/f1_tenth/sim_ws/install/wall_follow/bin'
[12.660s] Level 1:colcon.colcon_core.environment:checking '/home/judson35/f1_tenth/sim_ws/install/wall_follow/lib/pkgconfig/wall_follow.pc'
[12.661s] Level 1:colcon.colcon_core.environment:checking '/home/judson35/f1_tenth/sim_ws/install/wall_follow/lib/python3.8/site-packages'
[12.661s] Level 1:colcon.colcon_core.shell:create_environment_hook('wall_follow', 'pythonpath')
[12.663s] INFO:colcon.colcon_core.shell:Creating environment hook '/home/judson35/f1_tenth/sim_ws/install/wall_follow/share/wall_follow/hook/pythonpath.ps1'
[12.664s] INFO:colcon.colcon_core.shell:Creating environment descriptor '/home/judson35/f1_tenth/sim_ws/install/wall_follow/share/wall_follow/hook/pythonpath.dsv'
[12.665s] INFO:colcon.colcon_core.shell:Creating environment hook '/home/judson35/f1_tenth/sim_ws/install/wall_follow/share/wall_follow/hook/pythonpath.sh'
[12.666s] Level 1:colcon.colcon_core.environment:checking '/home/judson35/f1_tenth/sim_ws/install/wall_follow/bin'
[12.669s] INFO:colcon.colcon_core.shell:Creating package script '/home/judson35/f1_tenth/sim_ws/install/wall_follow/share/wall_follow/package.ps1'
[12.670s] INFO:colcon.colcon_core.shell:Creating package descriptor '/home/judson35/f1_tenth/sim_ws/install/wall_follow/share/wall_follow/package.dsv'
[12.671s] INFO:colcon.colcon_core.shell:Creating package script '/home/judson35/f1_tenth/sim_ws/install/wall_follow/share/wall_follow/package.sh'
[12.672s] INFO:colcon.colcon_core.shell:Creating package script '/home/judson35/f1_tenth/sim_ws/install/wall_follow/share/wall_follow/package.bash'
[12.673s] INFO:colcon.colcon_core.shell:Creating package script '/home/judson35/f1_tenth/sim_ws/install/wall_follow/share/wall_follow/package.zsh'
[12.674s] Level 1:colcon.colcon_core.environment:create_file_with_runtime_dependencies(/home/judson35/f1_tenth/sim_ws/install/wall_follow/share/colcon-core/packages/wall_follow)
[12.674s] DEBUG:colcon.colcon_parallel_executor.executor.parallel:closing loop
[12.675s] DEBUG:colcon.colcon_parallel_executor.executor.parallel:loop closed
[12.675s] DEBUG:colcon.colcon_parallel_executor.executor.parallel:run_until_complete finished with '0'
[12.676s] DEBUG:colcon.colcon_core.event_reactor:joining thread
[12.685s] INFO:colcon.colcon_core.plugin_system:Skipping extension 'colcon_notification.desktop_notification.terminal_notifier': Not used on non-Darwin systems
[12.686s] INFO:colcon.colcon_core.plugin_system:Skipping extension 'colcon_notification.desktop_notification.win32': Not used on non-Windows systems
[12.686s] INFO:colcon.colcon_notification.desktop_notification:Sending desktop notification using 'notify2'
[12.716s] DEBUG:colcon.colcon_core.event_reactor:joined thread
[12.721s] INFO:colcon.colcon_core.shell:Creating prefix script '/home/judson35/f1_tenth/sim_ws/install/local_setup.ps1'
[12.723s] INFO:colcon.colcon_core.shell:Creating prefix util module '/home/judson35/f1_tenth/sim_ws/install/_local_setup_util_ps1.py'
[12.727s] INFO:colcon.colcon_core.shell:Creating prefix chain script '/home/judson35/f1_tenth/sim_ws/install/setup.ps1'
[12.730s] INFO:colcon.colcon_core.shell:Creating prefix script '/home/judson35/f1_tenth/sim_ws/install/local_setup.sh'
[12.731s] INFO:colcon.colcon_core.shell:Creating prefix util module '/home/judson35/f1_tenth/sim_ws/install/_local_setup_util_sh.py'
[12.732s] INFO:colcon.colcon_core.shell:Creating prefix chain script '/home/judson35/f1_tenth/sim_ws/install/setup.sh'
[12.735s] INFO:colcon.colcon_core.shell:Creating prefix script '/home/judson35/f1_tenth/sim_ws/install/local_setup.bash'
[12.736s] INFO:colcon.colcon_core.shell:Creating prefix chain script '/home/judson35/f1_tenth/sim_ws/install/setup.bash'
[12.739s] INFO:colcon.colcon_core.shell:Creating prefix script '/home/judson35/f1_tenth/sim_ws/install/local_setup.zsh'
[12.741s] INFO:colcon.colcon_core.shell:Creating prefix chain script '/home/judson35/f1_tenth/sim_ws/install/setup.zsh'
