[0.033s] Invoking command in '/home/judson35/f1_tenth/sim_ws/build/wall_follow': CMAKE_PREFIX_PATH=${CMAKE_PREFIX_PATH}:/home/judson35/f1_tenth/sim_ws/install/f1tenth_gym_ros:/opt/ros/foxy /usr/bin/cmake --build /home/judson35/f1_tenth/sim_ws/build/wall_follow -- -j8 -l8
[0.109s] [35m[1mScanning dependencies of target wall_follow_node[0m
[0.159s] [ 50%] [32mBuilding CXX object CMakeFiles/wall_follow_node.dir/src/wall_follow_node.cpp.o[0m
[8.455s] [100%] [32m[1mLinking CXX executable wall_follow_node[0m
[8.949s] [100%] Built target wall_follow_node
[8.971s] Invoked command in '/home/judson35/f1_tenth/sim_ws/build/wall_follow' returned '0': CMAKE_PREFIX_PATH=${CMAKE_PREFIX_PATH}:/home/judson35/f1_tenth/sim_ws/install/f1tenth_gym_ros:/opt/ros/foxy /usr/bin/cmake --build /home/judson35/f1_tenth/sim_ws/build/wall_follow -- -j8 -l8
[9.028s] Invoking command in '/home/judson35/f1_tenth/sim_ws/build/wall_follow': CMAKE_PREFIX_PATH=${CMAKE_PREFIX_PATH}:/home/judson35/f1_tenth/sim_ws/install/f1tenth_gym_ros:/opt/ros/foxy /usr/bin/cmake --install /home/judson35/f1_tenth/sim_ws/build/wall_follow
[9.042s] -- Install configuration: ""
[9.043s] -- Execute custom install script
[9.044s] -- Up-to-date symlink: /home/judson35/f1_tenth/sim_ws/install/wall_follow/lib/wall_follow/wall_follow_node
[9.044s] -- Up-to-date symlink: /home/judson35/f1_tenth/sim_ws/install/wall_follow/share/wall_follow/environment/pythonpath.sh
[9.044s] -- Up-to-date symlink: /home/judson35/f1_tenth/sim_ws/install/wall_follow/share/wall_follow/environment/pythonpath.dsv
[9.045s] -- Up-to-date symlink: /home/judson35/f1_tenth/sim_ws/install/wall_follow/lib/python3.8/site-packages/wall_follow/__init__.py
[9.046s] -- Up-to-date symlink: /home/judson35/f1_tenth/sim_ws/install/wall_follow/lib/wall_follow/wall_follow_node.py
[9.047s] -- Up-to-date symlink: /home/judson35/f1_tenth/sim_ws/install/wall_follow/share/wall_follow/launch/wall_follow_launch.py
[9.047s] -- Up-to-date symlink: /home/judson35/f1_tenth/sim_ws/install/wall_follow/share/wall_follow/config/wall_follow.yaml
[9.048s] -- Up-to-date symlink: /home/judson35/f1_tenth/sim_ws/install/wall_follow/share/ament_index/resource_index/package_run_dependencies/wall_follow
[9.048s] -- Up-to-date symlink: /home/judson35/f1_tenth/sim_ws/install/wall_follow/share/ament_index/resource_index/parent_prefix_path/wall_follow
[9.049s] -- Up-to-date symlink: /home/judson35/f1_tenth/sim_ws/install/wall_follow/share/wall_follow/environment/ament_prefix_path.sh
[9.049s] -- Up-to-date symlink: /home/judson35/f1_tenth/sim_ws/install/wall_follow/share/wall_follow/environment/ament_prefix_path.dsv
[9.050s] -- Up-to-date symlink: /home/judson35/f1_tenth/sim_ws/install/wall_follow/share/wall_follow/environment/path.sh
[9.050s] -- Up-to-date symlink: /home/judson35/f1_tenth/sim_ws/install/wall_follow/share/wall_follow/environment/path.dsv
[9.050s] -- Up-to-date symlink: /home/judson35/f1_tenth/sim_ws/install/wall_follow/share/wall_follow/local_setup.bash
[9.051s] -- Up-to-date symlink: /home/judson35/f1_tenth/sim_ws/install/wall_follow/share/wall_follow/local_setup.sh
[9.051s] -- Up-to-date symlink: /home/judson35/f1_tenth/sim_ws/install/wall_follow/share/wall_follow/local_setup.zsh
[9.052s] -- Up-to-date symlink: /home/judson35/f1_tenth/sim_ws/install/wall_follow/share/wall_follow/local_setup.dsv
[9.052s] -- Symlinking: /home/judson35/f1_tenth/sim_ws/install/wall_follow/share/wall_follow/package.dsv
[9.068s] -- Up-to-date symlink: /home/judson35/f1_tenth/sim_ws/install/wall_follow/share/ament_index/resource_index/packages/wall_follow
[9.068s] -- Up-to-date symlink: /home/judson35/f1_tenth/sim_ws/install/wall_follow/share/wall_follow/cmake/wall_followConfig.cmake
[9.068s] -- Up-to-date symlink: /home/judson35/f1_tenth/sim_ws/install/wall_follow/share/wall_follow/cmake/wall_followConfig-version.cmake
[9.069s] -- Up-to-date symlink: /home/judson35/f1_tenth/sim_ws/install/wall_follow/share/wall_follow/package.xml
[9.140s] Listing '/home/judson35/f1_tenth/sim_ws/install/wall_follow/lib/python3.8/site-packages/wall_follow'...
[9.154s] Invoked command in '/home/judson35/f1_tenth/sim_ws/build/wall_follow' returned '0': CMAKE_PREFIX_PATH=${CMAKE_PREFIX_PATH}:/home/judson35/f1_tenth/sim_ws/install/f1tenth_gym_ros:/opt/ros/foxy /usr/bin/cmake --install /home/judson35/f1_tenth/sim_ws/build/wall_follow
