[35m[1mScanning dependencies of target safety_node[0m
[ 50%] [32mBuilding CXX object CMakeFiles/safety_node.dir/src/safety_node.cpp.o[0m
[100%] [32m[1mLinking CXX executable safety_node[0m
[100%] Built target safety_node
-- Install configuration: ""
-- Installing: /home/judson35/f1_tenth/sim_ws/install/safety_node/lib/safety_node/safety_node
-- Set runtime path of "/home/judson35/f1_tenth/sim_ws/install/safety_node/lib/safety_node/safety_node" to ""
-- Installing: /home/judson35/f1_tenth/sim_ws/install/safety_node/share/safety_node/environment/pythonpath.sh
-- Installing: /home/judson35/f1_tenth/sim_ws/install/safety_node/share/safety_node/environment/pythonpath.dsv
-- Installing: /home/judson35/f1_tenth/sim_ws/install/safety_node/lib/python3.8/site-packages/safety_node
-- Installing: /home/judson35/f1_tenth/sim_ws/install/safety_node/lib/python3.8/site-packages/safety_node/__init__.py
Listing '/home/judson35/f1_tenth/sim_ws/install/safety_node/lib/python3.8/site-packages/safety_node'...
Compiling '/home/judson35/f1_tenth/sim_ws/install/safety_node/lib/python3.8/site-packages/safety_node/__init__.py'...
-- Installing: /home/judson35/f1_tenth/sim_ws/install/safety_node/lib/safety_node/safety_node.py
-- Installing: /home/judson35/f1_tenth/sim_ws/install/safety_node/share/ament_index/resource_index/package_run_dependencies/safety_node
-- Installing: /home/judson35/f1_tenth/sim_ws/install/safety_node/share/ament_index/resource_index/parent_prefix_path/safety_node
-- Installing: /home/judson35/f1_tenth/sim_ws/install/safety_node/share/safety_node/environment/ament_prefix_path.sh
-- Installing: /home/judson35/f1_tenth/sim_ws/install/safety_node/share/safety_node/environment/ament_prefix_path.dsv
-- Installing: /home/judson35/f1_tenth/sim_ws/install/safety_node/share/safety_node/environment/path.sh
-- Installing: /home/judson35/f1_tenth/sim_ws/install/safety_node/share/safety_node/environment/path.dsv
-- Installing: /home/judson35/f1_tenth/sim_ws/install/safety_node/share/safety_node/local_setup.bash
-- Installing: /home/judson35/f1_tenth/sim_ws/install/safety_node/share/safety_node/local_setup.sh
-- Installing: /home/judson35/f1_tenth/sim_ws/install/safety_node/share/safety_node/local_setup.zsh
-- Installing: /home/judson35/f1_tenth/sim_ws/install/safety_node/share/safety_node/local_setup.dsv
-- Installing: /home/judson35/f1_tenth/sim_ws/install/safety_node/share/safety_node/package.dsv
-- Installing: /home/judson35/f1_tenth/sim_ws/install/safety_node/share/ament_index/resource_index/packages/safety_node
-- Installing: /home/judson35/f1_tenth/sim_ws/install/safety_node/share/safety_node/cmake/safety_nodeConfig.cmake
-- Installing: /home/judson35/f1_tenth/sim_ws/install/safety_node/share/safety_node/cmake/safety_nodeConfig-version.cmake
-- Installing: /home/judson35/f1_tenth/sim_ws/install/safety_node/share/safety_node/package.xml
