[1.671s] Invoking command in '/home/judson35/f1_tenth/sim_ws/src/f1tenth_gym_ros': PYTHONPATH=/home/judson35/f1_tenth/sim_ws/build/f1tenth_gym_ros/prefix_override:/home/judson35/f1_tenth/sim_ws/install/f1tenth_gym_ros/lib/python3.8/site-packages:${PYTHONPATH} /usr/bin/python3 setup.py egg_info --egg-base ../../build/f1tenth_gym_ros build --build-base /home/judson35/f1_tenth/sim_ws/build/f1tenth_gym_ros/build install --record /home/judson35/f1_tenth/sim_ws/build/f1tenth_gym_ros/install.log --install-scripts $base/lib/f1tenth_gym_ros --single-version-externally-managed
[2.188s] running egg_info
[2.188s] creating ../../build/f1tenth_gym_ros/f1tenth_gym_ros.egg-info
[2.189s] writing ../../build/f1tenth_gym_ros/f1tenth_gym_ros.egg-info/PKG-INFO
[2.190s] writing dependency_links to ../../build/f1tenth_gym_ros/f1tenth_gym_ros.egg-info/dependency_links.txt
[2.190s] writing entry points to ../../build/f1tenth_gym_ros/f1tenth_gym_ros.egg-info/entry_points.txt
[2.190s] writing requirements to ../../build/f1tenth_gym_ros/f1tenth_gym_ros.egg-info/requires.txt
[2.190s] writing top-level names to ../../build/f1tenth_gym_ros/f1tenth_gym_ros.egg-info/top_level.txt
[2.193s] writing manifest file '../../build/f1tenth_gym_ros/f1tenth_gym_ros.egg-info/SOURCES.txt'
[2.260s] reading manifest file '../../build/f1tenth_gym_ros/f1tenth_gym_ros.egg-info/SOURCES.txt'
[2.261s] writing manifest file '../../build/f1tenth_gym_ros/f1tenth_gym_ros.egg-info/SOURCES.txt'
[2.262s] running build
[2.262s] running build_py
[2.262s] creating /home/judson35/f1_tenth/sim_ws/build/f1tenth_gym_ros/build
[2.262s] creating /home/judson35/f1_tenth/sim_ws/build/f1tenth_gym_ros/build/lib
[2.262s] creating /home/judson35/f1_tenth/sim_ws/build/f1tenth_gym_ros/build/lib/f1tenth_gym_ros
[2.262s] copying f1tenth_gym_ros/__init__.py -> /home/judson35/f1_tenth/sim_ws/build/f1tenth_gym_ros/build/lib/f1tenth_gym_ros
[2.262s] copying f1tenth_gym_ros/gym_bridge.py -> /home/judson35/f1_tenth/sim_ws/build/f1tenth_gym_ros/build/lib/f1tenth_gym_ros
[2.263s] running install
[2.264s] running install_lib
[2.265s] creating /home/judson35/f1_tenth/sim_ws/install/f1tenth_gym_ros/lib/python3.8/site-packages/f1tenth_gym_ros
[2.265s] copying /home/judson35/f1_tenth/sim_ws/build/f1tenth_gym_ros/build/lib/f1tenth_gym_ros/__init__.py -> /home/judson35/f1_tenth/sim_ws/install/f1tenth_gym_ros/lib/python3.8/site-packages/f1tenth_gym_ros
[2.266s] copying /home/judson35/f1_tenth/sim_ws/build/f1tenth_gym_ros/build/lib/f1tenth_gym_ros/gym_bridge.py -> /home/judson35/f1_tenth/sim_ws/install/f1tenth_gym_ros/lib/python3.8/site-packages/f1tenth_gym_ros
[2.266s] byte-compiling /home/judson35/f1_tenth/sim_ws/install/f1tenth_gym_ros/lib/python3.8/site-packages/f1tenth_gym_ros/__init__.py to __init__.cpython-38.pyc
[2.268s] byte-compiling /home/judson35/f1_tenth/sim_ws/install/f1tenth_gym_ros/lib/python3.8/site-packages/f1tenth_gym_ros/gym_bridge.py to gym_bridge.cpython-38.pyc
[2.274s] running install_data
[2.275s] creating /home/judson35/f1_tenth/sim_ws/install/f1tenth_gym_ros/share/ament_index
[2.276s] creating /home/judson35/f1_tenth/sim_ws/install/f1tenth_gym_ros/share/ament_index/resource_index
[2.276s] creating /home/judson35/f1_tenth/sim_ws/install/f1tenth_gym_ros/share/ament_index/resource_index/packages
[2.276s] copying resource/f1tenth_gym_ros -> /home/judson35/f1_tenth/sim_ws/install/f1tenth_gym_ros/share/ament_index/resource_index/packages
[2.276s] copying package.xml -> /home/judson35/f1_tenth/sim_ws/install/f1tenth_gym_ros/share/f1tenth_gym_ros
[2.276s] creating /home/judson35/f1_tenth/sim_ws/install/f1tenth_gym_ros/share/f1tenth_gym_ros/launch
[2.277s] copying launch/gym_bridge_launch.py -> /home/judson35/f1_tenth/sim_ws/install/f1tenth_gym_ros/share/f1tenth_gym_ros/launch
[2.277s] copying launch/ego_racecar.xacro -> /home/judson35/f1_tenth/sim_ws/install/f1tenth_gym_ros/share/f1tenth_gym_ros/launch
[2.277s] copying launch/opp_racecar.xacro -> /home/judson35/f1_tenth/sim_ws/install/f1tenth_gym_ros/share/f1tenth_gym_ros/launch
[2.277s] copying launch/gym_bridge.rviz -> /home/judson35/f1_tenth/sim_ws/install/f1tenth_gym_ros/share/f1tenth_gym_ros/launch
[2.277s] creating /home/judson35/f1_tenth/sim_ws/install/f1tenth_gym_ros/share/f1tenth_gym_ros/config
[2.277s] copying config/sim.yaml -> /home/judson35/f1_tenth/sim_ws/install/f1tenth_gym_ros/share/f1tenth_gym_ros/config
[2.277s] running install_egg_info
[2.280s] Copying ../../build/f1tenth_gym_ros/f1tenth_gym_ros.egg-info to /home/judson35/f1_tenth/sim_ws/install/f1tenth_gym_ros/lib/python3.8/site-packages/f1tenth_gym_ros-0.0.0-py3.8.egg-info
[2.281s] running install_scripts
[2.312s] Installing gym_bridge script to /home/judson35/f1_tenth/sim_ws/install/f1tenth_gym_ros/lib/f1tenth_gym_ros
[2.313s] writing list of installed files to '/home/judson35/f1_tenth/sim_ws/build/f1tenth_gym_ros/install.log'
[2.354s] Invoked command in '/home/judson35/f1_tenth/sim_ws/src/f1tenth_gym_ros' returned '0': PYTHONPATH=/home/judson35/f1_tenth/sim_ws/build/f1tenth_gym_ros/prefix_override:/home/judson35/f1_tenth/sim_ws/install/f1tenth_gym_ros/lib/python3.8/site-packages:${PYTHONPATH} /usr/bin/python3 setup.py egg_info --egg-base ../../build/f1tenth_gym_ros build --build-base /home/judson35/f1_tenth/sim_ws/build/f1tenth_gym_ros/build install --record /home/judson35/f1_tenth/sim_ws/build/f1tenth_gym_ros/install.log --install-scripts $base/lib/f1tenth_gym_ros --single-version-externally-managed
