[0.556s] Invoking command in '/home/judson35/f1_tenth/sim_ws/build/safety_node': CMAKE_PREFIX_PATH=${CMAKE_PREFIX_PATH}:/home/judson35/f1_tenth/sim_ws/install/f1tenth_gym_ros:/opt/ros/foxy /usr/bin/cmake /home/judson35/f1_tenth/sim_ws/src/safety_node -DAMENT_CMAKE_SYMLINK_INSTALL=1 -DCMAKE_INSTALL_PREFIX=/home/judson35/f1_tenth/sim_ws/install/safety_node
[0.581s] -- Found ament_cmake: 0.9.12 (/opt/ros/foxy/share/ament_cmake/cmake)
[0.630s] -- Using PYTHON_EXECUTABLE: /usr/bin/python3
[1.052s] -- Override CMake install command with custom implementation using symlinks instead of copying resources
[1.065s] -- Found rclcpp: 2.4.3 (/opt/ros/foxy/share/rclcpp/cmake)
[1.130s] -- Using all available rosidl_typesupport_c: rosidl_typesupport_fastrtps_c;rosidl_typesupport_introspection_c
[1.136s] -- Found rosidl_adapter: 1.3.1 (/opt/ros/foxy/share/rosidl_adapter/cmake)
[1.357s] -- Using all available rosidl_typesupport_cpp: rosidl_typesupport_fastrtps_cpp;rosidl_typesupport_introspection_cpp
[1.452s] -- Found rmw_implementation_cmake: 1.0.4 (/opt/ros/foxy/share/rmw_implementation_cmake/cmake)
[1.454s] -- Using RMW implementation 'rmw_fastrtps_cpp' as default
[1.746s] -- Found rclpy: 1.0.13 (/opt/ros/foxy/share/rclpy/cmake)
[1.746s] -- Found nav_msgs: 2.0.5 (/opt/ros/foxy/share/nav_msgs/cmake)
[1.980s] -- Found ackermann_msgs: 2.0.2 (/opt/ros/foxy/share/ackermann_msgs/cmake)
[2.047s] -- Found sensor_msgs: 2.0.5 (/opt/ros/foxy/share/sensor_msgs/cmake)
[2.208s] -- Found ament_lint_auto: 0.9.8 (/opt/ros/foxy/share/ament_lint_auto/cmake)
[2.413s] -- Added test 'copyright' to check source files copyright and LICENSE
[2.416s] -- Added test 'cppcheck' to perform static code analysis on C / C++ code
[2.418s] -- Configured cppcheck include dirs: /home/judson35/f1_tenth/sim_ws/src/safety_node/include
[2.418s] -- Configured cppcheck exclude dirs and/or files: 
[2.421s] -- Added test 'cpplint' to check C / C++ code against the Google style
[2.421s] -- Configured cpplint exclude dirs and/or files: 
[2.423s] -- Added test 'flake8' to check Python code syntax and style conventions
[2.425s] -- Added test 'lint_cmake' to check CMake code style
[2.426s] -- Added test 'pep257' to check Python code against some of the style conventions in PEP 257
[2.428s] -- Added test 'uncrustify' to check C / C++ code style
[2.429s] -- Configured uncrustify additional arguments: 
[2.429s] -- Added test 'xmllint' to check XML markup files
[2.434s] -- Configuring done
[2.466s] -- Generating done
[2.470s] -- Build files have been written to: /home/judson35/f1_tenth/sim_ws/build/safety_node
[2.490s] Invoked command in '/home/judson35/f1_tenth/sim_ws/build/safety_node' returned '0': CMAKE_PREFIX_PATH=${CMAKE_PREFIX_PATH}:/home/judson35/f1_tenth/sim_ws/install/f1tenth_gym_ros:/opt/ros/foxy /usr/bin/cmake /home/judson35/f1_tenth/sim_ws/src/safety_node -DAMENT_CMAKE_SYMLINK_INSTALL=1 -DCMAKE_INSTALL_PREFIX=/home/judson35/f1_tenth/sim_ws/install/safety_node
[2.492s] Invoking command in '/home/judson35/f1_tenth/sim_ws/build/safety_node': CMAKE_PREFIX_PATH=${CMAKE_PREFIX_PATH}:/home/judson35/f1_tenth/sim_ws/install/f1tenth_gym_ros:/opt/ros/foxy /usr/bin/cmake --build /home/judson35/f1_tenth/sim_ws/build/safety_node -- -j8 -l8
[2.660s] [ 50%] [32m[1mLinking CXX executable safety_node[0m
[3.488s] [100%] Built target safety_node
[3.512s] Invoked command in '/home/judson35/f1_tenth/sim_ws/build/safety_node' returned '0': CMAKE_PREFIX_PATH=${CMAKE_PREFIX_PATH}:/home/judson35/f1_tenth/sim_ws/install/f1tenth_gym_ros:/opt/ros/foxy /usr/bin/cmake --build /home/judson35/f1_tenth/sim_ws/build/safety_node -- -j8 -l8
[3.589s] Invoking command in '/home/judson35/f1_tenth/sim_ws/build/safety_node': CMAKE_PREFIX_PATH=${CMAKE_PREFIX_PATH}:/home/judson35/f1_tenth/sim_ws/install/f1tenth_gym_ros:/opt/ros/foxy /usr/bin/cmake --install /home/judson35/f1_tenth/sim_ws/build/safety_node
[3.609s] -- Install configuration: ""
[3.610s] -- Execute custom install script
[3.611s] -- Symlinking: /home/judson35/f1_tenth/sim_ws/install/safety_node/lib/safety_node/safety_node
[3.631s] -- Symlinking: /home/judson35/f1_tenth/sim_ws/install/safety_node/share/safety_node/environment/pythonpath.sh
[3.648s] -- Symlinking: /home/judson35/f1_tenth/sim_ws/install/safety_node/share/safety_node/environment/pythonpath.dsv
[3.670s] -- Symlinking: /home/judson35/f1_tenth/sim_ws/install/safety_node/lib/python3.8/site-packages/safety_node/__init__.py
[3.690s] -- Symlinking: /home/judson35/f1_tenth/sim_ws/install/safety_node/lib/safety_node/safety_node.py
[3.713s] -- Symlinking: /home/judson35/f1_tenth/sim_ws/install/safety_node/share/ament_index/resource_index/package_run_dependencies/safety_node
[3.732s] -- Symlinking: /home/judson35/f1_tenth/sim_ws/install/safety_node/share/ament_index/resource_index/parent_prefix_path/safety_node
[3.747s] -- Symlinking: /home/judson35/f1_tenth/sim_ws/install/safety_node/share/safety_node/environment/ament_prefix_path.sh
[3.761s] -- Symlinking: /home/judson35/f1_tenth/sim_ws/install/safety_node/share/safety_node/environment/ament_prefix_path.dsv
[3.776s] -- Symlinking: /home/judson35/f1_tenth/sim_ws/install/safety_node/share/safety_node/environment/path.sh
[3.791s] -- Symlinking: /home/judson35/f1_tenth/sim_ws/install/safety_node/share/safety_node/environment/path.dsv
[3.807s] -- Symlinking: /home/judson35/f1_tenth/sim_ws/install/safety_node/share/safety_node/local_setup.bash
[3.823s] -- Symlinking: /home/judson35/f1_tenth/sim_ws/install/safety_node/share/safety_node/local_setup.sh
[3.845s] -- Symlinking: /home/judson35/f1_tenth/sim_ws/install/safety_node/share/safety_node/local_setup.zsh
[3.860s] -- Symlinking: /home/judson35/f1_tenth/sim_ws/install/safety_node/share/safety_node/local_setup.dsv
[3.876s] -- Symlinking: /home/judson35/f1_tenth/sim_ws/install/safety_node/share/safety_node/package.dsv
[3.891s] -- Symlinking: /home/judson35/f1_tenth/sim_ws/install/safety_node/share/ament_index/resource_index/packages/safety_node
[3.915s] -- Symlinking: /home/judson35/f1_tenth/sim_ws/install/safety_node/share/safety_node/cmake/safety_nodeConfig.cmake
[3.931s] -- Symlinking: /home/judson35/f1_tenth/sim_ws/install/safety_node/share/safety_node/cmake/safety_nodeConfig-version.cmake
[3.954s] -- Symlinking: /home/judson35/f1_tenth/sim_ws/install/safety_node/share/safety_node/package.xml
[4.056s] Listing '/home/judson35/f1_tenth/sim_ws/install/safety_node/lib/python3.8/site-packages/safety_node'...
[4.072s] Invoked command in '/home/judson35/f1_tenth/sim_ws/build/safety_node' returned '0': CMAKE_PREFIX_PATH=${CMAKE_PREFIX_PATH}:/home/judson35/f1_tenth/sim_ws/install/f1tenth_gym_ros:/opt/ros/foxy /usr/bin/cmake --install /home/judson35/f1_tenth/sim_ws/build/safety_node
