[0.558s] Invoking command in '/home/judson35/f1_tenth/sim_ws/build/safety_node': CMAKE_PREFIX_PATH=${CMAKE_PREFIX_PATH}:/home/judson35/f1_tenth/sim_ws/install/f1tenth_gym_ros:/opt/ros/foxy /usr/bin/cmake --build /home/judson35/f1_tenth/sim_ws/build/safety_node -- -j8 -l8
[0.678s] [100%] Built target safety_node
[0.704s] Invoked command in '/home/judson35/f1_tenth/sim_ws/build/safety_node' returned '0': CMAKE_PREFIX_PATH=${CMAKE_PREFIX_PATH}:/home/judson35/f1_tenth/sim_ws/install/f1tenth_gym_ros:/opt/ros/foxy /usr/bin/cmake --build /home/judson35/f1_tenth/sim_ws/build/safety_node -- -j8 -l8
[0.765s] Invoking command in '/home/judson35/f1_tenth/sim_ws/build/safety_node': CMAKE_PREFIX_PATH=${CMAKE_PREFIX_PATH}:/home/judson35/f1_tenth/sim_ws/install/f1tenth_gym_ros:/opt/ros/foxy /usr/bin/cmake --install /home/judson35/f1_tenth/sim_ws/build/safety_node
[0.780s] -- Install configuration: ""
[0.781s] -- Execute custom install script
[0.782s] -- Up-to-date symlink: /home/judson35/f1_tenth/sim_ws/install/safety_node/lib/safety_node/safety_node
[0.782s] -- Up-to-date symlink: /home/judson35/f1_tenth/sim_ws/install/safety_node/share/safety_node/environment/pythonpath.sh
[0.783s] -- Up-to-date symlink: /home/judson35/f1_tenth/sim_ws/install/safety_node/share/safety_node/environment/pythonpath.dsv
[0.784s] -- Up-to-date symlink: /home/judson35/f1_tenth/sim_ws/install/safety_node/lib/python3.8/site-packages/safety_node/__init__.py
[0.784s] -- Up-to-date symlink: /home/judson35/f1_tenth/sim_ws/install/safety_node/lib/safety_node/safety_node.py
[0.785s] -- Up-to-date symlink: /home/judson35/f1_tenth/sim_ws/install/safety_node/share/ament_index/resource_index/package_run_dependencies/safety_node
[0.785s] -- Up-to-date symlink: /home/judson35/f1_tenth/sim_ws/install/safety_node/share/ament_index/resource_index/parent_prefix_path/safety_node
[0.786s] -- Up-to-date symlink: /home/judson35/f1_tenth/sim_ws/install/safety_node/share/safety_node/environment/ament_prefix_path.sh
[0.787s] -- Up-to-date symlink: /home/judson35/f1_tenth/sim_ws/install/safety_node/share/safety_node/environment/ament_prefix_path.dsv
[0.790s] -- Up-to-date symlink: /home/judson35/f1_tenth/sim_ws/install/safety_node/share/safety_node/environment/path.sh
[0.790s] -- Up-to-date symlink: /home/judson35/f1_tenth/sim_ws/install/safety_node/share/safety_node/environment/path.dsv
[0.790s] -- Up-to-date symlink: /home/judson35/f1_tenth/sim_ws/install/safety_node/share/safety_node/local_setup.bash
[0.790s] -- Up-to-date symlink: /home/judson35/f1_tenth/sim_ws/install/safety_node/share/safety_node/local_setup.sh
[0.791s] -- Up-to-date symlink: /home/judson35/f1_tenth/sim_ws/install/safety_node/share/safety_node/local_setup.zsh
[0.791s] -- Up-to-date symlink: /home/judson35/f1_tenth/sim_ws/install/safety_node/share/safety_node/local_setup.dsv
[0.791s] -- Symlinking: /home/judson35/f1_tenth/sim_ws/install/safety_node/share/safety_node/package.dsv
[0.813s] -- Up-to-date symlink: /home/judson35/f1_tenth/sim_ws/install/safety_node/share/ament_index/resource_index/packages/safety_node
[0.813s] -- Up-to-date symlink: /home/judson35/f1_tenth/sim_ws/install/safety_node/share/safety_node/cmake/safety_nodeConfig.cmake
[0.813s] -- Up-to-date symlink: /home/judson35/f1_tenth/sim_ws/install/safety_node/share/safety_node/cmake/safety_nodeConfig-version.cmake
[0.813s] -- Up-to-date symlink: /home/judson35/f1_tenth/sim_ws/install/safety_node/share/safety_node/package.xml
[0.900s] Listing '/home/judson35/f1_tenth/sim_ws/install/safety_node/lib/python3.8/site-packages/safety_node'...
[0.912s] Invoked command in '/home/judson35/f1_tenth/sim_ws/build/safety_node' returned '0': CMAKE_PREFIX_PATH=${CMAKE_PREFIX_PATH}:/home/judson35/f1_tenth/sim_ws/install/f1tenth_gym_ros:/opt/ros/foxy /usr/bin/cmake --install /home/judson35/f1_tenth/sim_ws/build/safety_node
