[0.034s] Invoking command in '/home/judson35/f1_tenth/sim_ws/build/safety_node': CMAKE_PREFIX_PATH=${CMAKE_PREFIX_PATH}:/home/judson35/f1_tenth/sim_ws/install/f1tenth_gym_ros:/opt/ros/foxy /usr/bin/cmake --build /home/judson35/f1_tenth/sim_ws/build/safety_node -- -j8 -l8
[0.109s] [35m[1mScanning dependencies of target safety_node[0m
[0.167s] [ 50%] [32mBuilding CXX object CMakeFiles/safety_node.dir/src/safety_node.cpp.o[0m
[12.993s] [100%] [32m[1mLinking CXX executable safety_node[0m
[13.629s] [100%] Built target safety_node
[13.656s] Invoked command in '/home/judson35/f1_tenth/sim_ws/build/safety_node' returned '0': CMAKE_PREFIX_PATH=${CMAKE_PREFIX_PATH}:/home/judson35/f1_tenth/sim_ws/install/f1tenth_gym_ros:/opt/ros/foxy /usr/bin/cmake --build /home/judson35/f1_tenth/sim_ws/build/safety_node -- -j8 -l8
[13.716s] Invoking command in '/home/judson35/f1_tenth/sim_ws/build/safety_node': CMAKE_PREFIX_PATH=${CMAKE_PREFIX_PATH}:/home/judson35/f1_tenth/sim_ws/install/f1tenth_gym_ros:/opt/ros/foxy /usr/bin/cmake --install /home/judson35/f1_tenth/sim_ws/build/safety_node
[13.733s] -- Install configuration: ""
[13.733s] -- Installing: /home/judson35/f1_tenth/sim_ws/install/safety_node/lib/safety_node/safety_node
[13.742s] -- Set runtime path of "/home/judson35/f1_tenth/sim_ws/install/safety_node/lib/safety_node/safety_node" to ""
[13.743s] -- Up-to-date: /home/judson35/f1_tenth/sim_ws/install/safety_node/share/safety_node/environment/pythonpath.sh
[13.743s] -- Up-to-date: /home/judson35/f1_tenth/sim_ws/install/safety_node/share/safety_node/environment/pythonpath.dsv
[13.743s] -- Up-to-date: /home/judson35/f1_tenth/sim_ws/install/safety_node/lib/python3.8/site-packages/safety_node
[13.744s] -- Up-to-date: /home/judson35/f1_tenth/sim_ws/install/safety_node/lib/python3.8/site-packages/safety_node/__init__.py
[13.871s] Listing '/home/judson35/f1_tenth/sim_ws/install/safety_node/lib/python3.8/site-packages/safety_node'...
[13.886s] -- Up-to-date: /home/judson35/f1_tenth/sim_ws/install/safety_node/lib/safety_node/safety_node.py
[13.886s] -- Up-to-date: /home/judson35/f1_tenth/sim_ws/install/safety_node/share/ament_index/resource_index/package_run_dependencies/safety_node
[13.887s] -- Up-to-date: /home/judson35/f1_tenth/sim_ws/install/safety_node/share/ament_index/resource_index/parent_prefix_path/safety_node
[13.889s] -- Up-to-date: /home/judson35/f1_tenth/sim_ws/install/safety_node/share/safety_node/environment/ament_prefix_path.sh
[13.889s] -- Up-to-date: /home/judson35/f1_tenth/sim_ws/install/safety_node/share/safety_node/environment/ament_prefix_path.dsv
[13.889s] -- Up-to-date: /home/judson35/f1_tenth/sim_ws/install/safety_node/share/safety_node/environment/path.sh
[13.890s] -- Up-to-date: /home/judson35/f1_tenth/sim_ws/install/safety_node/share/safety_node/environment/path.dsv
[13.890s] -- Up-to-date: /home/judson35/f1_tenth/sim_ws/install/safety_node/share/safety_node/local_setup.bash
[13.890s] -- Up-to-date: /home/judson35/f1_tenth/sim_ws/install/safety_node/share/safety_node/local_setup.sh
[13.891s] -- Up-to-date: /home/judson35/f1_tenth/sim_ws/install/safety_node/share/safety_node/local_setup.zsh
[13.891s] -- Up-to-date: /home/judson35/f1_tenth/sim_ws/install/safety_node/share/safety_node/local_setup.dsv
[13.891s] -- Installing: /home/judson35/f1_tenth/sim_ws/install/safety_node/share/safety_node/package.dsv
[13.891s] -- Up-to-date: /home/judson35/f1_tenth/sim_ws/install/safety_node/share/ament_index/resource_index/packages/safety_node
[13.892s] -- Up-to-date: /home/judson35/f1_tenth/sim_ws/install/safety_node/share/safety_node/cmake/safety_nodeConfig.cmake
[13.892s] -- Up-to-date: /home/judson35/f1_tenth/sim_ws/install/safety_node/share/safety_node/cmake/safety_nodeConfig-version.cmake
[13.892s] -- Up-to-date: /home/judson35/f1_tenth/sim_ws/install/safety_node/share/safety_node/package.xml
[13.907s] Invoked command in '/home/judson35/f1_tenth/sim_ws/build/safety_node' returned '0': CMAKE_PREFIX_PATH=${CMAKE_PREFIX_PATH}:/home/judson35/f1_tenth/sim_ws/install/f1tenth_gym_ros:/opt/ros/foxy /usr/bin/cmake --install /home/judson35/f1_tenth/sim_ws/build/safety_node
