[0.659s] DEBUG:colcon:Command line arguments: ['/usr/bin/colcon', 'build', '--packages-up-to', 'safety_node']
[0.659s] DEBUG:colcon:Parsed command line arguments: Namespace(allow_overriding=[], ament_cmake_args=None, base_paths=['.'], build_base='build', catkin_cmake_args=None, catkin_skip_building_tests=False, cmake_args=None, cmake_clean_cache=False, cmake_clean_first=False, cmake_force_configure=False, cmake_target=None, cmake_target_skip_unavailable=False, continue_on_error=False, event_handlers=None, executor='parallel', ignore_user_meta=False, install_base='install', log_base=None, log_level=None, main=<bound method BuildVerb.main of <colcon_core.verb.build.BuildVerb object at 0x7f4433c46a60>>, merge_install=False, metas=['./colcon.meta'], packages_above=None, packages_above_and_dependencies=None, packages_above_depth=None, packages_end=None, packages_ignore=None, packages_ignore_regex=None, packages_select=None, packages_select_build_failed=False, packages_select_by_dep=None, packages_select_regex=None, packages_select_test_failures=False, packages_skip=None, packages_skip_build_finished=False, packages_skip_by_dep=None, packages_skip_regex=None, packages_skip_test_passed=False, packages_skip_up_to=None, packages_start=None, packages_up_to=['safety_node'], packages_up_to_regex=None, parallel_workers=8, paths=None, symlink_install=False, test_result_base=None, verb_extension=<colcon_core.verb.build.BuildVerb object at 0x7f4433c46a60>, verb_name='build', verb_parser=<colcon_defaults.argument_parser.defaults.DefaultArgumentsDecorator object at 0x7f4433c52040>)
[0.710s] Level 1:colcon.colcon_core.package_discovery:discover_packages(colcon_meta) check parameters
[0.711s] Level 1:colcon.colcon_core.package_discovery:discover_packages(recursive) check parameters
[0.711s] Level 1:colcon.colcon_core.package_discovery:discover_packages(ignore) check parameters
[0.711s] Level 1:colcon.colcon_core.package_discovery:discover_packages(path) check parameters
[0.711s] Level 1:colcon.colcon_core.package_discovery:discover_packages(colcon_meta) discover
[0.711s] Level 1:colcon.colcon_core.package_discovery:discover_packages(recursive) discover
[0.711s] INFO:colcon.colcon_core.package_discovery:Crawling recursively for packages in '/home/judson35/f1_tenth/sim_ws'
[0.711s] Level 1:colcon.colcon_core.package_identification:_identify(.) by extensions ['ignore', 'ignore_ament_install']
[0.712s] Level 1:colcon.colcon_core.package_identification:_identify(.) by extension 'ignore'
[0.712s] Level 1:colcon.colcon_core.package_identification:_identify(.) by extension 'ignore_ament_install'
[0.712s] Level 1:colcon.colcon_core.package_identification:_identify(.) by extensions ['colcon_pkg']
[0.712s] Level 1:colcon.colcon_core.package_identification:_identify(.) by extension 'colcon_pkg'
[0.712s] Level 1:colcon.colcon_core.package_identification:_identify(.) by extensions ['colcon_meta']
[0.712s] Level 1:colcon.colcon_core.package_identification:_identify(.) by extension 'colcon_meta'
[0.712s] Level 1:colcon.colcon_core.package_identification:_identify(.) by extensions ['ros']
[0.713s] Level 1:colcon.colcon_core.package_identification:_identify(.) by extension 'ros'
[0.751s] Level 1:colcon.colcon_core.package_identification:_identify(.) by extensions ['cmake', 'python']
[0.751s] Level 1:colcon.colcon_core.package_identification:_identify(.) by extension 'cmake'
[0.751s] Level 1:colcon.colcon_core.package_identification:_identify(.) by extension 'python'
[0.752s] Level 1:colcon.colcon_core.package_identification:_identify(.) by extensions ['python_setup_py']
[0.752s] Level 1:colcon.colcon_core.package_identification:_identify(.) by extension 'python_setup_py'
[0.752s] Level 1:colcon.colcon_core.package_identification:_identify(build) by extensions ['ignore', 'ignore_ament_install']
[0.752s] Level 1:colcon.colcon_core.package_identification:_identify(build) by extension 'ignore'
[0.753s] Level 1:colcon.colcon_core.package_identification:_identify(build) ignored
[0.753s] Level 1:colcon.colcon_core.package_identification:_identify(install) by extensions ['ignore', 'ignore_ament_install']
[0.753s] Level 1:colcon.colcon_core.package_identification:_identify(install) by extension 'ignore'
[0.753s] Level 1:colcon.colcon_core.package_identification:_identify(install) ignored
[0.754s] Level 1:colcon.colcon_core.package_identification:_identify(log) by extensions ['ignore', 'ignore_ament_install']
[0.754s] Level 1:colcon.colcon_core.package_identification:_identify(log) by extension 'ignore'
[0.754s] Level 1:colcon.colcon_core.package_identification:_identify(log) ignored
[0.755s] Level 1:colcon.colcon_core.package_identification:_identify(src) by extensions ['ignore', 'ignore_ament_install']
[0.755s] Level 1:colcon.colcon_core.package_identification:_identify(src) by extension 'ignore'
[0.755s] Level 1:colcon.colcon_core.package_identification:_identify(src) by extension 'ignore_ament_install'
[0.755s] Level 1:colcon.colcon_core.package_identification:_identify(src) by extensions ['colcon_pkg']
[0.755s] Level 1:colcon.colcon_core.package_identification:_identify(src) by extension 'colcon_pkg'
[0.755s] Level 1:colcon.colcon_core.package_identification:_identify(src) by extensions ['colcon_meta']
[0.756s] Level 1:colcon.colcon_core.package_identification:_identify(src) by extension 'colcon_meta'
[0.756s] Level 1:colcon.colcon_core.package_identification:_identify(src) by extensions ['ros']
[0.756s] Level 1:colcon.colcon_core.package_identification:_identify(src) by extension 'ros'
[0.756s] Level 1:colcon.colcon_core.package_identification:_identify(src) by extensions ['cmake', 'python']
[0.756s] Level 1:colcon.colcon_core.package_identification:_identify(src) by extension 'cmake'
[0.756s] Level 1:colcon.colcon_core.package_identification:_identify(src) by extension 'python'
[0.756s] Level 1:colcon.colcon_core.package_identification:_identify(src) by extensions ['python_setup_py']
[0.756s] Level 1:colcon.colcon_core.package_identification:_identify(src) by extension 'python_setup_py'
[0.757s] Level 1:colcon.colcon_core.package_identification:_identify(src/f1tenth_gym_ros) by extensions ['ignore', 'ignore_ament_install']
[0.757s] Level 1:colcon.colcon_core.package_identification:_identify(src/f1tenth_gym_ros) by extension 'ignore'
[0.757s] Level 1:colcon.colcon_core.package_identification:_identify(src/f1tenth_gym_ros) by extension 'ignore_ament_install'
[0.757s] Level 1:colcon.colcon_core.package_identification:_identify(src/f1tenth_gym_ros) by extensions ['colcon_pkg']
[0.757s] Level 1:colcon.colcon_core.package_identification:_identify(src/f1tenth_gym_ros) by extension 'colcon_pkg'
[0.758s] Level 1:colcon.colcon_core.package_identification:_identify(src/f1tenth_gym_ros) by extensions ['colcon_meta']
[0.758s] Level 1:colcon.colcon_core.package_identification:_identify(src/f1tenth_gym_ros) by extension 'colcon_meta'
[0.758s] Level 1:colcon.colcon_core.package_identification:_identify(src/f1tenth_gym_ros) by extensions ['ros']
[0.758s] Level 1:colcon.colcon_core.package_identification:_identify(src/f1tenth_gym_ros) by extension 'ros'
[0.764s] DEBUG:colcon.colcon_core.package_identification:Package 'src/f1tenth_gym_ros' with type 'ros.ament_python' and name 'f1tenth_gym_ros'
[0.764s] Level 1:colcon.colcon_core.package_identification:_identify(src/safety_node) by extensions ['ignore', 'ignore_ament_install']
[0.765s] Level 1:colcon.colcon_core.package_identification:_identify(src/safety_node) by extension 'ignore'
[0.765s] Level 1:colcon.colcon_core.package_identification:_identify(src/safety_node) by extension 'ignore_ament_install'
[0.765s] Level 1:colcon.colcon_core.package_identification:_identify(src/safety_node) by extensions ['colcon_pkg']
[0.765s] Level 1:colcon.colcon_core.package_identification:_identify(src/safety_node) by extension 'colcon_pkg'
[0.765s] Level 1:colcon.colcon_core.package_identification:_identify(src/safety_node) by extensions ['colcon_meta']
[0.765s] Level 1:colcon.colcon_core.package_identification:_identify(src/safety_node) by extension 'colcon_meta'
[0.765s] Level 1:colcon.colcon_core.package_identification:_identify(src/safety_node) by extensions ['ros']
[0.765s] Level 1:colcon.colcon_core.package_identification:_identify(src/safety_node) by extension 'ros'
[0.767s] DEBUG:colcon.colcon_core.package_identification:Package 'src/safety_node' with type 'ros.ament_cmake' and name 'safety_node'
[0.768s] Level 1:colcon.colcon_core.package_discovery:discover_packages(recursive) using defaults
[0.768s] Level 1:colcon.colcon_core.package_discovery:discover_packages(ignore) discover
[0.768s] Level 1:colcon.colcon_core.package_discovery:discover_packages(ignore) using defaults
[0.768s] Level 1:colcon.colcon_core.package_discovery:discover_packages(path) discover
[0.768s] Level 1:colcon.colcon_core.package_discovery:discover_packages(path) using defaults
[0.807s] INFO:colcon.colcon_core.package_selection:Skipping package 'f1tenth_gym_ros' in 'src/f1tenth_gym_ros'
[0.808s] Level 1:colcon.colcon_core.package_discovery:discover_packages(prefix_path) check parameters
[0.808s] Level 1:colcon.colcon_core.package_discovery:discover_packages(prefix_path) discover
[0.813s] DEBUG:colcon.colcon_installed_package_information.package_discovery:Found 2 installed packages in /home/judson35/f1_tenth/sim_ws/install
[0.816s] DEBUG:colcon.colcon_installed_package_information.package_discovery:Found 198 installed packages in /opt/ros/foxy
[0.818s] Level 1:colcon.colcon_core.package_discovery:discover_packages(prefix_path) using defaults
[0.910s] Level 5:colcon.colcon_core.verb:set package 'safety_node' build argument 'cmake_args' from command line to 'None'
[0.910s] Level 5:colcon.colcon_core.verb:set package 'safety_node' build argument 'cmake_target' from command line to 'None'
[0.910s] Level 5:colcon.colcon_core.verb:set package 'safety_node' build argument 'cmake_target_skip_unavailable' from command line to 'False'
[0.910s] Level 5:colcon.colcon_core.verb:set package 'safety_node' build argument 'cmake_clean_cache' from command line to 'False'
[0.910s] Level 5:colcon.colcon_core.verb:set package 'safety_node' build argument 'cmake_clean_first' from command line to 'False'
[0.910s] Level 5:colcon.colcon_core.verb:set package 'safety_node' build argument 'cmake_force_configure' from command line to 'False'
[0.910s] Level 5:colcon.colcon_core.verb:set package 'safety_node' build argument 'ament_cmake_args' from command line to 'None'
[0.911s] Level 5:colcon.colcon_core.verb:set package 'safety_node' build argument 'catkin_cmake_args' from command line to 'None'
[0.911s] Level 5:colcon.colcon_core.verb:set package 'safety_node' build argument 'catkin_skip_building_tests' from command line to 'False'
[0.911s] DEBUG:colcon.colcon_core.verb:Building package 'safety_node' with the following arguments: {'ament_cmake_args': None, 'build_base': '/home/judson35/f1_tenth/sim_ws/build/safety_node', 'catkin_cmake_args': None, 'catkin_skip_building_tests': False, 'cmake_args': None, 'cmake_clean_cache': False, 'cmake_clean_first': False, 'cmake_force_configure': False, 'cmake_target': None, 'cmake_target_skip_unavailable': False, 'install_base': '/home/judson35/f1_tenth/sim_ws/install/safety_node', 'merge_install': False, 'path': '/home/judson35/f1_tenth/sim_ws/src/safety_node', 'symlink_install': False, 'test_result_base': None}
[0.912s] INFO:colcon.colcon_core.executor:Executing jobs using 'parallel' executor
[0.920s] DEBUG:colcon.colcon_parallel_executor.executor.parallel:run_until_complete
[0.920s] INFO:colcon.colcon_ros.task.ament_cmake.build:Building ROS package in '/home/judson35/f1_tenth/sim_ws/src/safety_node' with build type 'ament_cmake'
[0.920s] INFO:colcon.colcon_cmake.task.cmake.build:Building CMake package in '/home/judson35/f1_tenth/sim_ws/src/safety_node'
[0.929s] INFO:colcon.colcon_core.plugin_system:Skipping extension 'colcon_core.shell.bat': Not used on non-Windows systems
[0.929s] INFO:colcon.colcon_core.shell:Skip shell extension 'powershell' for command environment: Not usable outside of PowerShell
[0.929s] DEBUG:colcon.colcon_core.shell:Skip shell extension 'dsv' for command environment
[0.954s] DEBUG:colcon.colcon_core.event_handler.log_command:Invoking command in '/home/judson35/f1_tenth/sim_ws/build/safety_node': CMAKE_PREFIX_PATH=${CMAKE_PREFIX_PATH}:/home/judson35/f1_tenth/sim_ws/install/f1tenth_gym_ros:/opt/ros/foxy /usr/bin/cmake --build /home/judson35/f1_tenth/sim_ws/build/safety_node -- -j8 -l8
[1.076s] DEBUG:colcon.colcon_core.event_handler.log_command:Invoked command in '/home/judson35/f1_tenth/sim_ws/build/safety_node' returned '0': CMAKE_PREFIX_PATH=${CMAKE_PREFIX_PATH}:/home/judson35/f1_tenth/sim_ws/install/f1tenth_gym_ros:/opt/ros/foxy /usr/bin/cmake --build /home/judson35/f1_tenth/sim_ws/build/safety_node -- -j8 -l8
[1.133s] DEBUG:colcon.colcon_core.event_handler.log_command:Invoking command in '/home/judson35/f1_tenth/sim_ws/build/safety_node': CMAKE_PREFIX_PATH=${CMAKE_PREFIX_PATH}:/home/judson35/f1_tenth/sim_ws/install/f1tenth_gym_ros:/opt/ros/foxy /usr/bin/cmake --install /home/judson35/f1_tenth/sim_ws/build/safety_node
[1.218s] Level 1:colcon.colcon_core.environment:create_environment_scripts_only(safety_node)
[1.220s] DEBUG:colcon.colcon_core.event_handler.log_command:Invoked command in '/home/judson35/f1_tenth/sim_ws/build/safety_node' returned '0': CMAKE_PREFIX_PATH=${CMAKE_PREFIX_PATH}:/home/judson35/f1_tenth/sim_ws/install/f1tenth_gym_ros:/opt/ros/foxy /usr/bin/cmake --install /home/judson35/f1_tenth/sim_ws/build/safety_node
[1.231s] Level 1:colcon.colcon_core.environment:checking '/home/judson35/f1_tenth/sim_ws/install/safety_node' for CMake module files
[1.232s] Level 1:colcon.colcon_core.environment:checking '/home/judson35/f1_tenth/sim_ws/install/safety_node' for CMake config files
[1.232s] Level 1:colcon.colcon_core.shell:create_environment_hook('safety_node', 'cmake_prefix_path')
[1.236s] INFO:colcon.colcon_core.shell:Creating environment hook '/home/judson35/f1_tenth/sim_ws/install/safety_node/share/safety_node/hook/cmake_prefix_path.ps1'
[1.238s] INFO:colcon.colcon_core.shell:Creating environment descriptor '/home/judson35/f1_tenth/sim_ws/install/safety_node/share/safety_node/hook/cmake_prefix_path.dsv'
[1.240s] INFO:colcon.colcon_core.shell:Creating environment hook '/home/judson35/f1_tenth/sim_ws/install/safety_node/share/safety_node/hook/cmake_prefix_path.sh'
[1.242s] Level 1:colcon.colcon_core.environment:checking '/home/judson35/f1_tenth/sim_ws/install/safety_node/lib'
[1.242s] Level 1:colcon.colcon_core.environment:checking '/home/judson35/f1_tenth/sim_ws/install/safety_node/bin'
[1.243s] Level 1:colcon.colcon_core.environment:checking '/home/judson35/f1_tenth/sim_ws/install/safety_node/lib/pkgconfig/safety_node.pc'
[1.243s] Level 1:colcon.colcon_core.environment:checking '/home/judson35/f1_tenth/sim_ws/install/safety_node/lib/python3.8/site-packages'
[1.243s] Level 1:colcon.colcon_core.shell:create_environment_hook('safety_node', 'pythonpath')
[1.247s] INFO:colcon.colcon_core.shell:Creating environment hook '/home/judson35/f1_tenth/sim_ws/install/safety_node/share/safety_node/hook/pythonpath.ps1'
[1.248s] INFO:colcon.colcon_core.shell:Creating environment descriptor '/home/judson35/f1_tenth/sim_ws/install/safety_node/share/safety_node/hook/pythonpath.dsv'
[1.249s] INFO:colcon.colcon_core.shell:Creating environment hook '/home/judson35/f1_tenth/sim_ws/install/safety_node/share/safety_node/hook/pythonpath.sh'
[1.250s] Level 1:colcon.colcon_core.environment:checking '/home/judson35/f1_tenth/sim_ws/install/safety_node/bin'
[1.254s] INFO:colcon.colcon_core.shell:Creating package script '/home/judson35/f1_tenth/sim_ws/install/safety_node/share/safety_node/package.ps1'
[1.256s] INFO:colcon.colcon_core.shell:Creating package descriptor '/home/judson35/f1_tenth/sim_ws/install/safety_node/share/safety_node/package.dsv'
[1.258s] INFO:colcon.colcon_core.shell:Creating package script '/home/judson35/f1_tenth/sim_ws/install/safety_node/share/safety_node/package.sh'
[1.260s] INFO:colcon.colcon_core.shell:Creating package script '/home/judson35/f1_tenth/sim_ws/install/safety_node/share/safety_node/package.bash'
[1.261s] INFO:colcon.colcon_core.shell:Creating package script '/home/judson35/f1_tenth/sim_ws/install/safety_node/share/safety_node/package.zsh'
[1.262s] Level 1:colcon.colcon_core.environment:create_file_with_runtime_dependencies(/home/judson35/f1_tenth/sim_ws/install/safety_node/share/colcon-core/packages/safety_node)
[1.308s] Level 1:colcon.colcon_core.environment:create_environment_scripts_only(safety_node)
[1.312s] Level 1:colcon.colcon_core.environment:checking '/home/judson35/f1_tenth/sim_ws/install/safety_node' for CMake module files
[1.313s] Level 1:colcon.colcon_core.environment:checking '/home/judson35/f1_tenth/sim_ws/install/safety_node' for CMake config files
[1.314s] Level 1:colcon.colcon_core.shell:create_environment_hook('safety_node', 'cmake_prefix_path')
[1.317s] INFO:colcon.colcon_core.shell:Creating environment hook '/home/judson35/f1_tenth/sim_ws/install/safety_node/share/safety_node/hook/cmake_prefix_path.ps1'
[1.318s] INFO:colcon.colcon_core.shell:Creating environment descriptor '/home/judson35/f1_tenth/sim_ws/install/safety_node/share/safety_node/hook/cmake_prefix_path.dsv'
[1.319s] INFO:colcon.colcon_core.shell:Creating environment hook '/home/judson35/f1_tenth/sim_ws/install/safety_node/share/safety_node/hook/cmake_prefix_path.sh'
[1.320s] Level 1:colcon.colcon_core.environment:checking '/home/judson35/f1_tenth/sim_ws/install/safety_node/lib'
[1.320s] Level 1:colcon.colcon_core.environment:checking '/home/judson35/f1_tenth/sim_ws/install/safety_node/bin'
[1.321s] Level 1:colcon.colcon_core.environment:checking '/home/judson35/f1_tenth/sim_ws/install/safety_node/lib/pkgconfig/safety_node.pc'
[1.321s] Level 1:colcon.colcon_core.environment:checking '/home/judson35/f1_tenth/sim_ws/install/safety_node/lib/python3.8/site-packages'
[1.322s] Level 1:colcon.colcon_core.shell:create_environment_hook('safety_node', 'pythonpath')
[1.326s] INFO:colcon.colcon_core.shell:Creating environment hook '/home/judson35/f1_tenth/sim_ws/install/safety_node/share/safety_node/hook/pythonpath.ps1'
[1.328s] INFO:colcon.colcon_core.shell:Creating environment descriptor '/home/judson35/f1_tenth/sim_ws/install/safety_node/share/safety_node/hook/pythonpath.dsv'
[1.329s] INFO:colcon.colcon_core.shell:Creating environment hook '/home/judson35/f1_tenth/sim_ws/install/safety_node/share/safety_node/hook/pythonpath.sh'
[1.330s] Level 1:colcon.colcon_core.environment:checking '/home/judson35/f1_tenth/sim_ws/install/safety_node/bin'
[1.333s] INFO:colcon.colcon_core.shell:Creating package script '/home/judson35/f1_tenth/sim_ws/install/safety_node/share/safety_node/package.ps1'
[1.334s] INFO:colcon.colcon_core.shell:Creating package descriptor '/home/judson35/f1_tenth/sim_ws/install/safety_node/share/safety_node/package.dsv'
[1.336s] INFO:colcon.colcon_core.shell:Creating package script '/home/judson35/f1_tenth/sim_ws/install/safety_node/share/safety_node/package.sh'
[1.337s] INFO:colcon.colcon_core.shell:Creating package script '/home/judson35/f1_tenth/sim_ws/install/safety_node/share/safety_node/package.bash'
[1.337s] INFO:colcon.colcon_core.shell:Creating package script '/home/judson35/f1_tenth/sim_ws/install/safety_node/share/safety_node/package.zsh'
[1.338s] Level 1:colcon.colcon_core.environment:create_file_with_runtime_dependencies(/home/judson35/f1_tenth/sim_ws/install/safety_node/share/colcon-core/packages/safety_node)
[1.339s] DEBUG:colcon.colcon_parallel_executor.executor.parallel:closing loop
[1.340s] DEBUG:colcon.colcon_parallel_executor.executor.parallel:loop closed
[1.341s] DEBUG:colcon.colcon_parallel_executor.executor.parallel:run_until_complete finished with '0'
[1.341s] DEBUG:colcon.colcon_core.event_reactor:joining thread
[1.351s] INFO:colcon.colcon_core.plugin_system:Skipping extension 'colcon_notification.desktop_notification.terminal_notifier': Not used on non-Darwin systems
[1.351s] INFO:colcon.colcon_core.plugin_system:Skipping extension 'colcon_notification.desktop_notification.win32': Not used on non-Windows systems
[1.351s] INFO:colcon.colcon_notification.desktop_notification:Sending desktop notification using 'notify2'
[1.368s] DEBUG:colcon.colcon_core.event_reactor:joined thread
[1.373s] INFO:colcon.colcon_core.shell:Creating prefix script '/home/judson35/f1_tenth/sim_ws/install/local_setup.ps1'
[1.375s] INFO:colcon.colcon_core.shell:Creating prefix util module '/home/judson35/f1_tenth/sim_ws/install/_local_setup_util_ps1.py'
[1.379s] INFO:colcon.colcon_core.shell:Creating prefix chain script '/home/judson35/f1_tenth/sim_ws/install/setup.ps1'
[1.382s] INFO:colcon.colcon_core.shell:Creating prefix script '/home/judson35/f1_tenth/sim_ws/install/local_setup.sh'
[1.384s] INFO:colcon.colcon_core.shell:Creating prefix util module '/home/judson35/f1_tenth/sim_ws/install/_local_setup_util_sh.py'
[1.384s] INFO:colcon.colcon_core.shell:Creating prefix chain script '/home/judson35/f1_tenth/sim_ws/install/setup.sh'
[1.388s] INFO:colcon.colcon_core.shell:Creating prefix script '/home/judson35/f1_tenth/sim_ws/install/local_setup.bash'
[1.389s] INFO:colcon.colcon_core.shell:Creating prefix chain script '/home/judson35/f1_tenth/sim_ws/install/setup.bash'
[1.393s] INFO:colcon.colcon_core.shell:Creating prefix script '/home/judson35/f1_tenth/sim_ws/install/local_setup.zsh'
[1.394s] INFO:colcon.colcon_core.shell:Creating prefix chain script '/home/judson35/f1_tenth/sim_ws/install/setup.zsh'
