[35m[1mScanning dependencies of target wall_follow_node[0m
[ 50%] [32mBuilding CXX object CMakeFiles/wall_follow_node.dir/src/wall_follow_node.cpp.o[0m
[01m[K/home/judson35/f1_tenth/sim_ws/src/wall_follow/src/wall_follow_node.cpp:[m[K In member function ‘[01m[Kdouble WallFollow::get_range(float*, double)[m[K’:
[01m[K/home/judson35/f1_tenth/sim_ws/src/wall_follow/src/wall_follow_node.cpp:51:29:[m[K [01;35m[Kwarning: [m[Kunused parameter ‘[01m[Krange_data[m[K’ [[01;35m[K-Wunused-parameter[m[K]
   51 |     double get_range([01;35m[Kfloat* range_data[m[K, double angle)
      |                      [01;35m[K~~~~~~~^~~~~~~~~~[m[K
[01m[K/home/judson35/f1_tenth/sim_ws/src/wall_follow/src/wall_follow_node.cpp:51:48:[m[K [01;35m[Kwarning: [m[Kunused parameter ‘[01m[Kangle[m[K’ [[01;35m[K-Wunused-parameter[m[K]
   51 |     double get_range(float* range_data, [01;35m[Kdouble angle[m[K)
      |                                         [01;35m[K~~~~~~~^~~~~[m[K
[01m[K/home/judson35/f1_tenth/sim_ws/src/wall_follow/src/wall_follow_node.cpp:[m[K In member function ‘[01m[Kdouble WallFollow::get_error(float*, double)[m[K’:
[01m[K/home/judson35/f1_tenth/sim_ws/src/wall_follow/src/wall_follow_node.cpp:74:29:[m[K [01;35m[Kwarning: [m[Kunused parameter ‘[01m[Krange_data[m[K’ [[01;35m[K-Wunused-parameter[m[K]
   74 |     double get_error([01;35m[Kfloat* range_data[m[K, double dist)
      |                      [01;35m[K~~~~~~~^~~~~~~~~~[m[K
[01m[K/home/judson35/f1_tenth/sim_ws/src/wall_follow/src/wall_follow_node.cpp:74:48:[m[K [01;35m[Kwarning: [m[Kunused parameter ‘[01m[Kdist[m[K’ [[01;35m[K-Wunused-parameter[m[K]
   74 |     double get_error(float* range_data, [01;35m[Kdouble dist[m[K)
      |                                         [01;35m[K~~~~~~~^~~~[m[K
[01m[K/home/judson35/f1_tenth/sim_ws/src/wall_follow/src/wall_follow_node.cpp:[m[K In member function ‘[01m[Kvoid WallFollow::pid_control(double, double)[m[K’:
[01m[K/home/judson35/f1_tenth/sim_ws/src/wall_follow/src/wall_follow_node.cpp:95:29:[m[K [01;35m[Kwarning: [m[Kunused parameter ‘[01m[Kerror[m[K’ [[01;35m[K-Wunused-parameter[m[K]
   95 |     void pid_control([01;35m[Kdouble error[m[K, double velocity)
      |                      [01;35m[K~~~~~~~^~~~~[m[K
[01m[K/home/judson35/f1_tenth/sim_ws/src/wall_follow/src/wall_follow_node.cpp:95:43:[m[K [01;35m[Kwarning: [m[Kunused parameter ‘[01m[Kvelocity[m[K’ [[01;35m[K-Wunused-parameter[m[K]
   95 |     void pid_control(double error, [01;35m[Kdouble velocity[m[K)
      |                                    [01;35m[K~~~~~~~^~~~~~~~[m[K
[100%] [32m[1mLinking CXX executable wall_follow_node[0m
[100%] Built target wall_follow_node
-- Install configuration: ""
-- Execute custom install script
-- Up-to-date symlink: /home/judson35/f1_tenth/sim_ws/install/wall_follow/lib/wall_follow/wall_follow_node
-- Up-to-date symlink: /home/judson35/f1_tenth/sim_ws/install/wall_follow/share/wall_follow/environment/pythonpath.sh
-- Up-to-date symlink: /home/judson35/f1_tenth/sim_ws/install/wall_follow/share/wall_follow/environment/pythonpath.dsv
-- Up-to-date symlink: /home/judson35/f1_tenth/sim_ws/install/wall_follow/lib/python3.8/site-packages/wall_follow/__init__.py
-- Up-to-date symlink: /home/judson35/f1_tenth/sim_ws/install/wall_follow/lib/wall_follow/wall_follow_node.py
-- Up-to-date symlink: /home/judson35/f1_tenth/sim_ws/install/wall_follow/share/wall_follow/launch/wall_follow.yaml
-- Up-to-date symlink: /home/judson35/f1_tenth/sim_ws/install/wall_follow/share/wall_follow/launch/wall_follow_launch.py
-- Up-to-date symlink: /home/judson35/f1_tenth/sim_ws/install/wall_follow/share/wall_follow/config/wall_follow.yaml
-- Up-to-date symlink: /home/judson35/f1_tenth/sim_ws/install/wall_follow/share/ament_index/resource_index/package_run_dependencies/wall_follow
-- Up-to-date symlink: /home/judson35/f1_tenth/sim_ws/install/wall_follow/share/ament_index/resource_index/parent_prefix_path/wall_follow
-- Up-to-date symlink: /home/judson35/f1_tenth/sim_ws/install/wall_follow/share/wall_follow/environment/ament_prefix_path.sh
-- Up-to-date symlink: /home/judson35/f1_tenth/sim_ws/install/wall_follow/share/wall_follow/environment/ament_prefix_path.dsv
-- Up-to-date symlink: /home/judson35/f1_tenth/sim_ws/install/wall_follow/share/wall_follow/environment/path.sh
-- Up-to-date symlink: /home/judson35/f1_tenth/sim_ws/install/wall_follow/share/wall_follow/environment/path.dsv
-- Up-to-date symlink: /home/judson35/f1_tenth/sim_ws/install/wall_follow/share/wall_follow/local_setup.bash
-- Up-to-date symlink: /home/judson35/f1_tenth/sim_ws/install/wall_follow/share/wall_follow/local_setup.sh
-- Up-to-date symlink: /home/judson35/f1_tenth/sim_ws/install/wall_follow/share/wall_follow/local_setup.zsh
-- Up-to-date symlink: /home/judson35/f1_tenth/sim_ws/install/wall_follow/share/wall_follow/local_setup.dsv
-- Symlinking: /home/judson35/f1_tenth/sim_ws/install/wall_follow/share/wall_follow/package.dsv
-- Up-to-date symlink: /home/judson35/f1_tenth/sim_ws/install/wall_follow/share/ament_index/resource_index/packages/wall_follow
-- Up-to-date symlink: /home/judson35/f1_tenth/sim_ws/install/wall_follow/share/wall_follow/cmake/wall_followConfig.cmake
-- Up-to-date symlink: /home/judson35/f1_tenth/sim_ws/install/wall_follow/share/wall_follow/cmake/wall_followConfig-version.cmake
-- Up-to-date symlink: /home/judson35/f1_tenth/sim_ws/install/wall_follow/share/wall_follow/package.xml
Listing '/home/judson35/f1_tenth/sim_ws/install/wall_follow/lib/python3.8/site-packages/wall_follow'...
