[0.662s] DEBUG:colcon:Command line arguments: ['/usr/bin/colcon', 'build', '--symlink-install', '--packages-select', 'wall_follow']
[0.663s] DEBUG:colcon:Parsed command line arguments: Namespace(allow_overriding=[], ament_cmake_args=None, base_paths=['.'], build_base='build', catkin_cmake_args=None, catkin_skip_building_tests=False, cmake_args=None, cmake_clean_cache=False, cmake_clean_first=False, cmake_force_configure=False, cmake_target=None, cmake_target_skip_unavailable=False, continue_on_error=False, event_handlers=None, executor='parallel', ignore_user_meta=False, install_base='install', log_base=None, log_level=None, main=<bound method BuildVerb.main of <colcon_core.verb.build.BuildVerb object at 0x7f6ca6cc3460>>, merge_install=False, metas=['./colcon.meta'], packages_above=None, packages_above_and_dependencies=None, packages_above_depth=None, packages_end=None, packages_ignore=None, packages_ignore_regex=None, packages_select=['wall_follow'], packages_select_build_failed=False, packages_select_by_dep=None, packages_select_regex=None, packages_select_test_failures=False, packages_skip=None, packages_skip_build_finished=False, packages_skip_by_dep=None, packages_skip_regex=None, packages_skip_test_passed=False, packages_skip_up_to=None, packages_start=None, packages_up_to=None, packages_up_to_regex=None, parallel_workers=8, paths=None, symlink_install=True, test_result_base=None, verb_extension=<colcon_core.verb.build.BuildVerb object at 0x7f6ca6cc3460>, verb_name='build', verb_parser=<colcon_defaults.argument_parser.defaults.DefaultArgumentsDecorator object at 0x7f6ca6cc39a0>)
[0.713s] Level 1:colcon.colcon_core.package_discovery:discover_packages(colcon_meta) check parameters
[0.713s] Level 1:colcon.colcon_core.package_discovery:discover_packages(recursive) check parameters
[0.713s] Level 1:colcon.colcon_core.package_discovery:discover_packages(ignore) check parameters
[0.713s] Level 1:colcon.colcon_core.package_discovery:discover_packages(path) check parameters
[0.714s] Level 1:colcon.colcon_core.package_discovery:discover_packages(colcon_meta) discover
[0.714s] Level 1:colcon.colcon_core.package_discovery:discover_packages(recursive) discover
[0.714s] INFO:colcon.colcon_core.package_discovery:Crawling recursively for packages in '/home/judson35/f1_tenth/sim_ws'
[0.714s] Level 1:colcon.colcon_core.package_identification:_identify(.) by extensions ['ignore', 'ignore_ament_install']
[0.714s] Level 1:colcon.colcon_core.package_identification:_identify(.) by extension 'ignore'
[0.714s] Level 1:colcon.colcon_core.package_identification:_identify(.) by extension 'ignore_ament_install'
[0.715s] Level 1:colcon.colcon_core.package_identification:_identify(.) by extensions ['colcon_pkg']
[0.715s] Level 1:colcon.colcon_core.package_identification:_identify(.) by extension 'colcon_pkg'
[0.715s] Level 1:colcon.colcon_core.package_identification:_identify(.) by extensions ['colcon_meta']
[0.715s] Level 1:colcon.colcon_core.package_identification:_identify(.) by extension 'colcon_meta'
[0.715s] Level 1:colcon.colcon_core.package_identification:_identify(.) by extensions ['ros']
[0.715s] Level 1:colcon.colcon_core.package_identification:_identify(.) by extension 'ros'
[0.751s] Level 1:colcon.colcon_core.package_identification:_identify(.) by extensions ['cmake', 'python']
[0.752s] Level 1:colcon.colcon_core.package_identification:_identify(.) by extension 'cmake'
[0.752s] Level 1:colcon.colcon_core.package_identification:_identify(.) by extension 'python'
[0.752s] Level 1:colcon.colcon_core.package_identification:_identify(.) by extensions ['python_setup_py']
[0.752s] Level 1:colcon.colcon_core.package_identification:_identify(.) by extension 'python_setup_py'
[0.752s] Level 1:colcon.colcon_core.package_identification:_identify(build) by extensions ['ignore', 'ignore_ament_install']
[0.753s] Level 1:colcon.colcon_core.package_identification:_identify(build) by extension 'ignore'
[0.753s] Level 1:colcon.colcon_core.package_identification:_identify(build) ignored
[0.753s] Level 1:colcon.colcon_core.package_identification:_identify(install) by extensions ['ignore', 'ignore_ament_install']
[0.753s] Level 1:colcon.colcon_core.package_identification:_identify(install) by extension 'ignore'
[0.753s] Level 1:colcon.colcon_core.package_identification:_identify(install) ignored
[0.754s] Level 1:colcon.colcon_core.package_identification:_identify(log) by extensions ['ignore', 'ignore_ament_install']
[0.754s] Level 1:colcon.colcon_core.package_identification:_identify(log) by extension 'ignore'
[0.754s] Level 1:colcon.colcon_core.package_identification:_identify(log) ignored
[0.754s] Level 1:colcon.colcon_core.package_identification:_identify(src) by extensions ['ignore', 'ignore_ament_install']
[0.755s] Level 1:colcon.colcon_core.package_identification:_identify(src) by extension 'ignore'
[0.755s] Level 1:colcon.colcon_core.package_identification:_identify(src) by extension 'ignore_ament_install'
[0.755s] Level 1:colcon.colcon_core.package_identification:_identify(src) by extensions ['colcon_pkg']
[0.755s] Level 1:colcon.colcon_core.package_identification:_identify(src) by extension 'colcon_pkg'
[0.755s] Level 1:colcon.colcon_core.package_identification:_identify(src) by extensions ['colcon_meta']
[0.755s] Level 1:colcon.colcon_core.package_identification:_identify(src) by extension 'colcon_meta'
[0.755s] Level 1:colcon.colcon_core.package_identification:_identify(src) by extensions ['ros']
[0.756s] Level 1:colcon.colcon_core.package_identification:_identify(src) by extension 'ros'
[0.756s] Level 1:colcon.colcon_core.package_identification:_identify(src) by extensions ['cmake', 'python']
[0.756s] Level 1:colcon.colcon_core.package_identification:_identify(src) by extension 'cmake'
[0.756s] Level 1:colcon.colcon_core.package_identification:_identify(src) by extension 'python'
[0.756s] Level 1:colcon.colcon_core.package_identification:_identify(src) by extensions ['python_setup_py']
[0.756s] Level 1:colcon.colcon_core.package_identification:_identify(src) by extension 'python_setup_py'
[0.757s] Level 1:colcon.colcon_core.package_identification:_identify(src/f1tenth_gym_ros) by extensions ['ignore', 'ignore_ament_install']
[0.757s] Level 1:colcon.colcon_core.package_identification:_identify(src/f1tenth_gym_ros) by extension 'ignore'
[0.757s] Level 1:colcon.colcon_core.package_identification:_identify(src/f1tenth_gym_ros) by extension 'ignore_ament_install'
[0.757s] Level 1:colcon.colcon_core.package_identification:_identify(src/f1tenth_gym_ros) by extensions ['colcon_pkg']
[0.757s] Level 1:colcon.colcon_core.package_identification:_identify(src/f1tenth_gym_ros) by extension 'colcon_pkg'
[0.757s] Level 1:colcon.colcon_core.package_identification:_identify(src/f1tenth_gym_ros) by extensions ['colcon_meta']
[0.757s] Level 1:colcon.colcon_core.package_identification:_identify(src/f1tenth_gym_ros) by extension 'colcon_meta'
[0.758s] Level 1:colcon.colcon_core.package_identification:_identify(src/f1tenth_gym_ros) by extensions ['ros']
[0.758s] Level 1:colcon.colcon_core.package_identification:_identify(src/f1tenth_gym_ros) by extension 'ros'
[0.764s] DEBUG:colcon.colcon_core.package_identification:Package 'src/f1tenth_gym_ros' with type 'ros.ament_python' and name 'f1tenth_gym_ros'
[0.764s] Level 1:colcon.colcon_core.package_identification:_identify(src/safety_node) by extensions ['ignore', 'ignore_ament_install']
[0.765s] Level 1:colcon.colcon_core.package_identification:_identify(src/safety_node) by extension 'ignore'
[0.765s] Level 1:colcon.colcon_core.package_identification:_identify(src/safety_node) by extension 'ignore_ament_install'
[0.765s] Level 1:colcon.colcon_core.package_identification:_identify(src/safety_node) by extensions ['colcon_pkg']
[0.765s] Level 1:colcon.colcon_core.package_identification:_identify(src/safety_node) by extension 'colcon_pkg'
[0.765s] Level 1:colcon.colcon_core.package_identification:_identify(src/safety_node) by extensions ['colcon_meta']
[0.766s] Level 1:colcon.colcon_core.package_identification:_identify(src/safety_node) by extension 'colcon_meta'
[0.766s] Level 1:colcon.colcon_core.package_identification:_identify(src/safety_node) by extensions ['ros']
[0.766s] Level 1:colcon.colcon_core.package_identification:_identify(src/safety_node) by extension 'ros'
[0.768s] DEBUG:colcon.colcon_core.package_identification:Package 'src/safety_node' with type 'ros.ament_cmake' and name 'safety_node'
[0.768s] Level 1:colcon.colcon_core.package_identification:_identify(src/wall_follow) by extensions ['ignore', 'ignore_ament_install']
[0.768s] Level 1:colcon.colcon_core.package_identification:_identify(src/wall_follow) by extension 'ignore'
[0.769s] Level 1:colcon.colcon_core.package_identification:_identify(src/wall_follow) by extension 'ignore_ament_install'
[0.769s] Level 1:colcon.colcon_core.package_identification:_identify(src/wall_follow) by extensions ['colcon_pkg']
[0.769s] Level 1:colcon.colcon_core.package_identification:_identify(src/wall_follow) by extension 'colcon_pkg'
[0.769s] Level 1:colcon.colcon_core.package_identification:_identify(src/wall_follow) by extensions ['colcon_meta']
[0.769s] Level 1:colcon.colcon_core.package_identification:_identify(src/wall_follow) by extension 'colcon_meta'
[0.769s] Level 1:colcon.colcon_core.package_identification:_identify(src/wall_follow) by extensions ['ros']
[0.769s] Level 1:colcon.colcon_core.package_identification:_identify(src/wall_follow) by extension 'ros'
[0.771s] DEBUG:colcon.colcon_core.package_identification:Package 'src/wall_follow' with type 'ros.ament_cmake' and name 'wall_follow'
[0.772s] Level 1:colcon.colcon_core.package_discovery:discover_packages(recursive) using defaults
[0.772s] Level 1:colcon.colcon_core.package_discovery:discover_packages(ignore) discover
[0.772s] Level 1:colcon.colcon_core.package_discovery:discover_packages(ignore) using defaults
[0.772s] Level 1:colcon.colcon_core.package_discovery:discover_packages(path) discover
[0.772s] Level 1:colcon.colcon_core.package_discovery:discover_packages(path) using defaults
[0.816s] INFO:colcon.colcon_core.package_selection:Skipping not selected package 'f1tenth_gym_ros' in 'src/f1tenth_gym_ros'
[0.816s] INFO:colcon.colcon_core.package_selection:Skipping not selected package 'safety_node' in 'src/safety_node'
[0.817s] Level 1:colcon.colcon_core.package_discovery:discover_packages(prefix_path) check parameters
[0.818s] Level 1:colcon.colcon_core.package_discovery:discover_packages(prefix_path) discover
[0.823s] DEBUG:colcon.colcon_installed_package_information.package_discovery:Found 3 installed packages in /home/judson35/f1_tenth/sim_ws/install
[0.826s] DEBUG:colcon.colcon_installed_package_information.package_discovery:Found 198 installed packages in /opt/ros/foxy
[0.828s] Level 1:colcon.colcon_core.package_discovery:discover_packages(prefix_path) using defaults
[0.931s] Level 5:colcon.colcon_core.verb:set package 'wall_follow' build argument 'cmake_args' from command line to 'None'
[0.932s] Level 5:colcon.colcon_core.verb:set package 'wall_follow' build argument 'cmake_target' from command line to 'None'
[0.932s] Level 5:colcon.colcon_core.verb:set package 'wall_follow' build argument 'cmake_target_skip_unavailable' from command line to 'False'
[0.932s] Level 5:colcon.colcon_core.verb:set package 'wall_follow' build argument 'cmake_clean_cache' from command line to 'False'
[0.932s] Level 5:colcon.colcon_core.verb:set package 'wall_follow' build argument 'cmake_clean_first' from command line to 'False'
[0.932s] Level 5:colcon.colcon_core.verb:set package 'wall_follow' build argument 'cmake_force_configure' from command line to 'False'
[0.932s] Level 5:colcon.colcon_core.verb:set package 'wall_follow' build argument 'ament_cmake_args' from command line to 'None'
[0.932s] Level 5:colcon.colcon_core.verb:set package 'wall_follow' build argument 'catkin_cmake_args' from command line to 'None'
[0.932s] Level 5:colcon.colcon_core.verb:set package 'wall_follow' build argument 'catkin_skip_building_tests' from command line to 'False'
[0.932s] DEBUG:colcon.colcon_core.verb:Building package 'wall_follow' with the following arguments: {'ament_cmake_args': None, 'build_base': '/home/judson35/f1_tenth/sim_ws/build/wall_follow', 'catkin_cmake_args': None, 'catkin_skip_building_tests': False, 'cmake_args': None, 'cmake_clean_cache': False, 'cmake_clean_first': False, 'cmake_force_configure': False, 'cmake_target': None, 'cmake_target_skip_unavailable': False, 'install_base': '/home/judson35/f1_tenth/sim_ws/install/wall_follow', 'merge_install': False, 'path': '/home/judson35/f1_tenth/sim_ws/src/wall_follow', 'symlink_install': True, 'test_result_base': None}
[0.935s] INFO:colcon.colcon_core.executor:Executing jobs using 'parallel' executor
[0.942s] DEBUG:colcon.colcon_parallel_executor.executor.parallel:run_until_complete
[0.942s] INFO:colcon.colcon_ros.task.ament_cmake.build:Building ROS package in '/home/judson35/f1_tenth/sim_ws/src/wall_follow' with build type 'ament_cmake'
[0.943s] INFO:colcon.colcon_cmake.task.cmake.build:Building CMake package in '/home/judson35/f1_tenth/sim_ws/src/wall_follow'
[0.952s] INFO:colcon.colcon_core.plugin_system:Skipping extension 'colcon_core.shell.bat': Not used on non-Windows systems
[0.952s] INFO:colcon.colcon_core.shell:Skip shell extension 'powershell' for command environment: Not usable outside of PowerShell
[0.952s] DEBUG:colcon.colcon_core.shell:Skip shell extension 'dsv' for command environment
[0.973s] DEBUG:colcon.colcon_core.event_handler.log_command:Invoking command in '/home/judson35/f1_tenth/sim_ws/build/wall_follow': CMAKE_PREFIX_PATH=${CMAKE_PREFIX_PATH}:/home/judson35/f1_tenth/sim_ws/install/f1tenth_gym_ros:/opt/ros/foxy /usr/bin/cmake --build /home/judson35/f1_tenth/sim_ws/build/wall_follow -- -j8 -l8
[12.524s] DEBUG:colcon.colcon_core.event_handler.log_command:Invoked command in '/home/judson35/f1_tenth/sim_ws/build/wall_follow' returned '0': CMAKE_PREFIX_PATH=${CMAKE_PREFIX_PATH}:/home/judson35/f1_tenth/sim_ws/install/f1tenth_gym_ros:/opt/ros/foxy /usr/bin/cmake --build /home/judson35/f1_tenth/sim_ws/build/wall_follow -- -j8 -l8
[12.581s] DEBUG:colcon.colcon_core.event_handler.log_command:Invoking command in '/home/judson35/f1_tenth/sim_ws/build/wall_follow': CMAKE_PREFIX_PATH=${CMAKE_PREFIX_PATH}:/home/judson35/f1_tenth/sim_ws/install/f1tenth_gym_ros:/opt/ros/foxy /usr/bin/cmake --install /home/judson35/f1_tenth/sim_ws/build/wall_follow
[12.692s] Level 1:colcon.colcon_core.environment:create_environment_scripts_only(wall_follow)
[12.693s] DEBUG:colcon.colcon_core.event_handler.log_command:Invoked command in '/home/judson35/f1_tenth/sim_ws/build/wall_follow' returned '0': CMAKE_PREFIX_PATH=${CMAKE_PREFIX_PATH}:/home/judson35/f1_tenth/sim_ws/install/f1tenth_gym_ros:/opt/ros/foxy /usr/bin/cmake --install /home/judson35/f1_tenth/sim_ws/build/wall_follow
[12.703s] Level 1:colcon.colcon_core.environment:checking '/home/judson35/f1_tenth/sim_ws/install/wall_follow' for CMake module files
[12.704s] Level 1:colcon.colcon_core.environment:checking '/home/judson35/f1_tenth/sim_ws/install/wall_follow' for CMake config files
[12.704s] Level 1:colcon.colcon_core.shell:create_environment_hook('wall_follow', 'cmake_prefix_path')
[12.707s] INFO:colcon.colcon_core.shell:Creating environment hook '/home/judson35/f1_tenth/sim_ws/install/wall_follow/share/wall_follow/hook/cmake_prefix_path.ps1'
[12.709s] INFO:colcon.colcon_core.shell:Creating environment descriptor '/home/judson35/f1_tenth/sim_ws/install/wall_follow/share/wall_follow/hook/cmake_prefix_path.dsv'
[12.710s] INFO:colcon.colcon_core.shell:Creating environment hook '/home/judson35/f1_tenth/sim_ws/install/wall_follow/share/wall_follow/hook/cmake_prefix_path.sh'
[12.713s] Level 1:colcon.colcon_core.environment:checking '/home/judson35/f1_tenth/sim_ws/install/wall_follow/lib'
[12.713s] Level 1:colcon.colcon_core.environment:checking '/home/judson35/f1_tenth/sim_ws/install/wall_follow/bin'
[12.713s] Level 1:colcon.colcon_core.environment:checking '/home/judson35/f1_tenth/sim_ws/install/wall_follow/lib/pkgconfig/wall_follow.pc'
[12.714s] Level 1:colcon.colcon_core.environment:checking '/home/judson35/f1_tenth/sim_ws/install/wall_follow/lib/python3.8/site-packages'
[12.714s] Level 1:colcon.colcon_core.shell:create_environment_hook('wall_follow', 'pythonpath')
[12.717s] INFO:colcon.colcon_core.shell:Creating environment hook '/home/judson35/f1_tenth/sim_ws/install/wall_follow/share/wall_follow/hook/pythonpath.ps1'
[12.718s] INFO:colcon.colcon_core.shell:Creating environment descriptor '/home/judson35/f1_tenth/sim_ws/install/wall_follow/share/wall_follow/hook/pythonpath.dsv'
[12.718s] INFO:colcon.colcon_core.shell:Creating environment hook '/home/judson35/f1_tenth/sim_ws/install/wall_follow/share/wall_follow/hook/pythonpath.sh'
[12.719s] Level 1:colcon.colcon_core.environment:checking '/home/judson35/f1_tenth/sim_ws/install/wall_follow/bin'
[12.722s] INFO:colcon.colcon_core.shell:Creating package script '/home/judson35/f1_tenth/sim_ws/install/wall_follow/share/wall_follow/package.ps1'
[12.723s] INFO:colcon.colcon_core.shell:Creating package descriptor '/home/judson35/f1_tenth/sim_ws/install/wall_follow/share/wall_follow/package.dsv'
[12.724s] INFO:colcon.colcon_core.shell:Creating package script '/home/judson35/f1_tenth/sim_ws/install/wall_follow/share/wall_follow/package.sh'
[12.726s] INFO:colcon.colcon_core.shell:Creating package script '/home/judson35/f1_tenth/sim_ws/install/wall_follow/share/wall_follow/package.bash'
[12.728s] INFO:colcon.colcon_core.shell:Creating package script '/home/judson35/f1_tenth/sim_ws/install/wall_follow/share/wall_follow/package.zsh'
[12.729s] Level 1:colcon.colcon_core.environment:create_file_with_runtime_dependencies(/home/judson35/f1_tenth/sim_ws/install/wall_follow/share/colcon-core/packages/wall_follow)
[12.770s] Level 1:colcon.colcon_core.environment:create_environment_scripts_only(wall_follow)
[12.782s] Level 1:colcon.colcon_core.environment:checking '/home/judson35/f1_tenth/sim_ws/install/wall_follow' for CMake module files
[12.783s] Level 1:colcon.colcon_core.environment:checking '/home/judson35/f1_tenth/sim_ws/install/wall_follow' for CMake config files
[12.785s] Level 1:colcon.colcon_core.shell:create_environment_hook('wall_follow', 'cmake_prefix_path')
[12.790s] INFO:colcon.colcon_core.shell:Creating environment hook '/home/judson35/f1_tenth/sim_ws/install/wall_follow/share/wall_follow/hook/cmake_prefix_path.ps1'
[12.792s] INFO:colcon.colcon_core.shell:Creating environment descriptor '/home/judson35/f1_tenth/sim_ws/install/wall_follow/share/wall_follow/hook/cmake_prefix_path.dsv'
[12.794s] INFO:colcon.colcon_core.shell:Creating environment hook '/home/judson35/f1_tenth/sim_ws/install/wall_follow/share/wall_follow/hook/cmake_prefix_path.sh'
[12.795s] Level 1:colcon.colcon_core.environment:checking '/home/judson35/f1_tenth/sim_ws/install/wall_follow/lib'
[12.796s] Level 1:colcon.colcon_core.environment:checking '/home/judson35/f1_tenth/sim_ws/install/wall_follow/bin'
[12.796s] Level 1:colcon.colcon_core.environment:checking '/home/judson35/f1_tenth/sim_ws/install/wall_follow/lib/pkgconfig/wall_follow.pc'
[12.796s] Level 1:colcon.colcon_core.environment:checking '/home/judson35/f1_tenth/sim_ws/install/wall_follow/lib/python3.8/site-packages'
[12.797s] Level 1:colcon.colcon_core.shell:create_environment_hook('wall_follow', 'pythonpath')
[12.806s] INFO:colcon.colcon_core.shell:Creating environment hook '/home/judson35/f1_tenth/sim_ws/install/wall_follow/share/wall_follow/hook/pythonpath.ps1'
[12.808s] INFO:colcon.colcon_core.shell:Creating environment descriptor '/home/judson35/f1_tenth/sim_ws/install/wall_follow/share/wall_follow/hook/pythonpath.dsv'
[12.809s] INFO:colcon.colcon_core.shell:Creating environment hook '/home/judson35/f1_tenth/sim_ws/install/wall_follow/share/wall_follow/hook/pythonpath.sh'
[12.811s] Level 1:colcon.colcon_core.environment:checking '/home/judson35/f1_tenth/sim_ws/install/wall_follow/bin'
[12.816s] INFO:colcon.colcon_core.shell:Creating package script '/home/judson35/f1_tenth/sim_ws/install/wall_follow/share/wall_follow/package.ps1'
[12.818s] INFO:colcon.colcon_core.shell:Creating package descriptor '/home/judson35/f1_tenth/sim_ws/install/wall_follow/share/wall_follow/package.dsv'
[12.819s] INFO:colcon.colcon_core.shell:Creating package script '/home/judson35/f1_tenth/sim_ws/install/wall_follow/share/wall_follow/package.sh'
[12.820s] INFO:colcon.colcon_core.shell:Creating package script '/home/judson35/f1_tenth/sim_ws/install/wall_follow/share/wall_follow/package.bash'
[12.821s] INFO:colcon.colcon_core.shell:Creating package script '/home/judson35/f1_tenth/sim_ws/install/wall_follow/share/wall_follow/package.zsh'
[12.822s] Level 1:colcon.colcon_core.environment:create_file_with_runtime_dependencies(/home/judson35/f1_tenth/sim_ws/install/wall_follow/share/colcon-core/packages/wall_follow)
[12.823s] DEBUG:colcon.colcon_parallel_executor.executor.parallel:closing loop
[12.825s] DEBUG:colcon.colcon_parallel_executor.executor.parallel:loop closed
[12.825s] DEBUG:colcon.colcon_parallel_executor.executor.parallel:run_until_complete finished with '0'
[12.826s] DEBUG:colcon.colcon_core.event_reactor:joining thread
[12.847s] INFO:colcon.colcon_core.plugin_system:Skipping extension 'colcon_notification.desktop_notification.terminal_notifier': Not used on non-Darwin systems
[12.847s] INFO:colcon.colcon_core.plugin_system:Skipping extension 'colcon_notification.desktop_notification.win32': Not used on non-Windows systems
[12.847s] INFO:colcon.colcon_notification.desktop_notification:Sending desktop notification using 'notify2'
[12.886s] DEBUG:colcon.colcon_core.event_reactor:joined thread
[12.890s] INFO:colcon.colcon_core.shell:Creating prefix script '/home/judson35/f1_tenth/sim_ws/install/local_setup.ps1'
[12.891s] INFO:colcon.colcon_core.shell:Creating prefix util module '/home/judson35/f1_tenth/sim_ws/install/_local_setup_util_ps1.py'
[12.894s] INFO:colcon.colcon_core.shell:Creating prefix chain script '/home/judson35/f1_tenth/sim_ws/install/setup.ps1'
[12.898s] INFO:colcon.colcon_core.shell:Creating prefix script '/home/judson35/f1_tenth/sim_ws/install/local_setup.sh'
[12.899s] INFO:colcon.colcon_core.shell:Creating prefix util module '/home/judson35/f1_tenth/sim_ws/install/_local_setup_util_sh.py'
[12.900s] INFO:colcon.colcon_core.shell:Creating prefix chain script '/home/judson35/f1_tenth/sim_ws/install/setup.sh'
[12.904s] INFO:colcon.colcon_core.shell:Creating prefix script '/home/judson35/f1_tenth/sim_ws/install/local_setup.bash'
[12.905s] INFO:colcon.colcon_core.shell:Creating prefix chain script '/home/judson35/f1_tenth/sim_ws/install/setup.bash'
[12.908s] INFO:colcon.colcon_core.shell:Creating prefix script '/home/judson35/f1_tenth/sim_ws/install/local_setup.zsh'
[12.909s] INFO:colcon.colcon_core.shell:Creating prefix chain script '/home/judson35/f1_tenth/sim_ws/install/setup.zsh'
